<?xml version="1.0" encoding="UTF-8"?>
<testsuite xmlns:xsi="http://www.w3.org/2001/XMLSchema-instance" xsi:noNamespaceSchemaLocation="https://maven.apache.org/surefire/maven-surefire-plugin/xsd/surefire-test-report.xsd" version="3.0.2" name="utility.Runner" time="15.273" tests="1" errors="0" skipped="0" failures="0">
  <properties>
[...]
</properties>
  <testcase name="validate login to orangeHRM with valid credentials" classname="search google functionality" time="13.687">
    <system-out><![CDATA[
@hrmLogin
Scenario: validate login to orangeHRM with valid credentials                                     &amp#27;[90m# FeatureFile/suncorp.feature:11&amp#27;[0m
[DEBUG] Using WebDriverManager 5.9.2
[DEBUG] Resolution edge=135 in cache (valid until 14:58:12 05/04/2025 IST)
[DEBUG] Resolution edge135=135.0.3179.54 in cache (valid until 10:55:34 06/04/2025 IST)
[INFO] Using msedgedriver 135.0.3179.54 (resolved driver for Edge 135)
[DEBUG] Driver msedgedriver 135.0.3179.54 found in cache
[INFO] Exporting webdriver.edge.driver as C:\Users\lppaw\.cache\selenium\msedgedriver\win64\135.0.3179.54\msedgedriver.exe
[INFO ] 2025-04-05 14:08:58.522 [main] SunSteps - chrome launched successsfully
  &amp#27;[32mGiven &amp#27;[0m&amp#27;[32muser launch a chrome browser&amp#27;[0m                                                             &amp#27;[90m# teststeps.SunSteps.user_launch_a_chrome_browser()&amp#27;[0m
[INFO ] 2025-04-05 14:09:01.804 [main] SunSteps - URL entered
  &amp#27;[32mWhen &amp#27;[0m&amp#27;[32muser enter an URL as &amp#27;[0m&amp#27;[32m&amp#27;[1m"https://opensource-demo.orangehrmlive.com/web/index.php/auth/login"&amp#27;[0m &amp#27;[90m# teststeps.SunSteps.user_enter_an_url_as(java.lang.String)&amp#27;[0m
[INFO ] 2025-04-05 14:09:01.819 [main] SunSteps - orangeHRM Login Page title : OrangeHRM
  &amp#27;[32mThen &amp#27;[0m&amp#27;[32muser should land on page title &amp#27;[0m&amp#27;[32m&amp#27;[1m"OrangeHRM"&amp#27;[0m                                                &amp#27;[90m# teststeps.SunSteps.user_should_land_on_page_title(java.lang.String)&amp#27;[0m
[INFO ] 2025-04-05 14:09:02.584 [main] SunSteps - user entered orangeHRM valid username as : Admin
  &amp#27;[32mWhen &amp#27;[0m&amp#27;[32muser enter an username as &amp#27;[0m&amp#27;[32m&amp#27;[1m"Admin"&amp#27;[0m                                                         &amp#27;[90m# teststeps.SunSteps.user_enter_an_username_as(java.lang.String)&amp#27;[0m
[INFO ] 2025-04-05 14:09:02.799 [main] SunSteps - user entered orangeHRM valid password as : admin123
  &amp#27;[32mAnd &amp#27;[0m&amp#27;[32muser enter an password as &amp#27;[0m&amp#27;[32m&amp#27;[1m"admin123"&amp#27;[0m                                                       &amp#27;[90m# teststeps.SunSteps.user_enter_an_password_as(java.lang.String)&amp#27;[0m
[INFO ] 2025-04-05 14:09:04.128 [main] SunSteps - user clicked on orangeHRM login button 
  &amp#27;[32mWhen &amp#27;[0m&amp#27;[32mclick on Login button&amp#27;[0m                                                                     &amp#27;[90m# teststeps.SunSteps.click_on_login_button()&amp#27;[0m
[INFO ] 2025-04-05 14:09:04.143 [main] SunSteps - user landed orangeHRM home page title : OrangeHRM
  &amp#27;[32mThen &amp#27;[0m&amp#27;[32muser should land on orangeHRM home page title &amp#27;[0m&amp#27;[32m&amp#27;[1m"OrangeHRM"&amp#27;[0m                                 &amp#27;[90m# teststeps.SunSteps.user_should_land_on_orange_hrm_home_page_title(java.lang.String)&amp#27;[0m
captured acsreenshot at : OrangeHRMHomepage.png
[INFO ] 2025-04-05 14:09:04.327 [main] SunSteps - captured screenshot of orangeHRM Home page : C:\Users\lppaw\Desktop\cucumber 2\cucumbber\Screenshot\OrangeHRMHomepage.png
  &amp#27;[32mAnd &amp#27;[0m&amp#27;[32mcapture orangeHRM homepage screenshot&amp#27;[0m                                                      &amp#27;[90m# teststeps.SunSteps.capture_orange_hrm_homepage_screenshot()&amp#27;[0m
[INFO ] 2025-04-05 14:09:05.782 [main] SunSteps - chrome closed and quit
[INFO ] 2025-04-05 14:09:05.783 [main] SunSteps - ========================================================
  &amp#27;[32mAnd &amp#27;[0m&amp#27;[32mclose browser&amp#27;[0m                                                                              &amp#27;[90m# teststeps.SunSteps.close_browser()&amp#27;[0m
]]></system-out>
    <system-err><![CDATA[SLF4J: Class path contains multiple SLF4J bindings.
SLF4J: Found binding in [jar:file:/C:/Users/lppaw/.m2/repository/ch/qos/logback/logback-classic/1.0.13/logback-classic-1.0.13.jar!/org/slf4j/impl/StaticLoggerBinder.class]
SLF4J: Found binding in [jar:file:/C:/Users/lppaw/.m2/repository/org/slf4j/slf4j-log4j12/1.6.4/slf4j-log4j12-1.6.4.jar!/org/slf4j/impl/StaticLoggerBinder.class]
SLF4J: See http://www.slf4j.org/codes.html#multiple_bindings for an explanation.
Apr 05, 2025 2:08:58 PM org.openqa.selenium.devtools.CdpVersionFinder findNearestMatch
WARNING: Unable to find CDP implementation matching 135
Apr 05, 2025 2:08:58 PM org.openqa.selenium.chromium.ChromiumDriver lambda$new$5
WARNING: Unable to find version of CDP to use for 135.0.3179.54. You may need to include a dependency on a specific version of the CDP using something similar to `org.seleniumhq.selenium:selenium-devtools-v86:4.25.0` where the version ("v86") matches the version of the chromium-based browser you're using and the version number of the artifact is the same as Selenium's.
Apr 05, 2025 2:09:04 PM org.openqa.selenium.remote.http.WebSocket$Listener onError
WARNING: Connection reset
java.net.SocketException: Connection reset
	at java.base/sun.nio.ch.SocketChannelImpl.throwConnectionReset(SocketChannelImpl.java:401)
	at java.base/sun.nio.ch.SocketChannelImpl.read(SocketChannelImpl.java:434)
	at java.net.http/jdk.internal.net.http.SocketTube.readAvailable(SocketTube.java:1178)
	at java.net.http/jdk.internal.net.http.SocketTube$InternalReadPublisher$InternalReadSubscription.read(SocketTube.java:841)
	at java.net.http/jdk.internal.net.http.SocketTube$SocketFlowTask.run(SocketTube.java:181)
	at java.net.http/jdk.internal.net.http.common.SequentialScheduler$SchedulableTask.run(SequentialScheduler.java:207)
	at java.net.http/jdk.internal.net.http.common.SequentialScheduler.runOrSchedule(SequentialScheduler.java:280)
	at java.net.http/jdk.internal.net.http.common.SequentialScheduler.runOrSchedule(SequentialScheduler.java:233)
	at java.net.http/jdk.internal.net.http.SocketTube$InternalReadPublisher$InternalReadSubscription.signalReadable(SocketTube.java:782)
	at java.net.http/jdk.internal.net.http.SocketTube$InternalReadPublisher$ReadEvent.signalEvent(SocketTube.java:965)
	at java.net.http/jdk.internal.net.http.SocketTube$SocketFlowEvent.handle(SocketTube.java:253)
	at java.net.http/jdk.internal.net.http.HttpClientImpl$SelectorManager.handleEvent(HttpClientImpl.java:1469)
	at java.net.http/jdk.internal.net.http.HttpClientImpl$SelectorManager.lambda$run$3(HttpClientImpl.java:1414)
	at java.base/java.util.ArrayList.forEach(ArrayList.java:1596)
	at java.net.http/jdk.internal.net.http.HttpClientImpl$SelectorManager.run(HttpClientImpl.java:1414)

]]></system-err>
  </testcase>
</testsuite>