<?xml version="1.0" encoding="UTF-8"?>
<testsuite xmlns:xsi="http://www.w3.org/2001/XMLSchema-instance" xsi:noNamespaceSchemaLocation="https://maven.apache.org/surefire/maven-surefire-plugin/xsd/surefire-test-report.xsd" version="3.0.2" name="utility.Runner" time="23.667" tests="2" errors="0" skipped="0" failures="0">
  <properties>
[...]
</properties>
  <testcase name="handled alert demo" classname="handle functionality of DemoQA" time="14.21">
    <system-out><![CDATA[
@alertpopUp
Scenario: handled alert demo                                              &amp#27;[90m# FeatureFile/demoqa.feature:14&amp#27;[0m
[DEBUG] Using WebDriverManager 5.9.2
[DEBUG] Removing resolution chrome=135 from cache (expired on Mon May 05 23:25:23 IST 2025)
[DEBUG] ex-0000000001 preparing request execution
[DEBUG] ex-0000000001 target auth state: UNCHALLENGED
[DEBUG] ex-0000000001 proxy auth state: UNCHALLENGED
[DEBUG] ex-0000000001 acquiring connection with route {s}->https://raw.githubusercontent.com:443
[DEBUG] ex-0000000001 acquiring endpoint (3 MINUTES)
[DEBUG] ex-0000000001 endpoint lease request (3 MINUTES) [route: {s}->https://raw.githubusercontent.com:443][total available: 0; route allocated: 0 of 5; total allocated: 0 of 25]
[DEBUG] ex-0000000001 endpoint leased [route: {s}->https://raw.githubusercontent.com:443][total available: 0; route allocated: 1 of 5; total allocated: 1 of 25]
[DEBUG] ex-0000000001 acquired ep-0000000001
[DEBUG] ex-0000000001 acquired endpoint ep-0000000001
[DEBUG] ex-0000000001 opening connection {s}->https://raw.githubusercontent.com:443
[DEBUG] ep-0000000001 connecting endpoint (null)
[DEBUG] ep-0000000001 connecting endpoint to https://raw.githubusercontent.com:443 (30 SECONDS)
[DEBUG] raw.githubusercontent.com resolving remote address
[DEBUG] raw.githubusercontent.com resolved to [raw.githubusercontent.com/185.199.111.133, raw.githubusercontent.com/185.199.109.133, raw.githubusercontent.com/185.199.108.133, raw.githubusercontent.com/185.199.110.133, raw.githubusercontent.com/2606:50c0:8001:0:0:0:0:154, raw.githubusercontent.com/2606:50c0:8000:0:0:0:0:154, raw.githubusercontent.com/2606:50c0:8002:0:0:0:0:154, raw.githubusercontent.com/2606:50c0:8003:0:0:0:0:154]
[DEBUG] raw.githubusercontent.com:443 connecting null->raw.githubusercontent.com/185.199.111.133:443 (30 SECONDS)
[DEBUG] Connecting socket to raw.githubusercontent.com/185.199.111.133:443 with timeout 30 SECONDS
[DEBUG] Enabled protocols: [TLSv1.3, TLSv1.2]
[DEBUG] Enabled cipher suites: [TLS_AES_256_GCM_SHA384, TLS_AES_128_GCM_SHA256, TLS_CHACHA20_POLY1305_SHA256, TLS_ECDHE_ECDSA_WITH_AES_256_GCM_SHA384, TLS_ECDHE_ECDSA_WITH_AES_128_GCM_SHA256, TLS_ECDHE_ECDSA_WITH_CHACHA20_POLY1305_SHA256, TLS_ECDHE_RSA_WITH_AES_256_GCM_SHA384, TLS_ECDHE_RSA_WITH_CHACHA20_POLY1305_SHA256, TLS_ECDHE_RSA_WITH_AES_128_GCM_SHA256, TLS_DHE_RSA_WITH_AES_256_GCM_SHA384, TLS_DHE_RSA_WITH_CHACHA20_POLY1305_SHA256, TLS_DHE_DSS_WITH_AES_256_GCM_SHA384, TLS_DHE_RSA_WITH_AES_128_GCM_SHA256, TLS_DHE_DSS_WITH_AES_128_GCM_SHA256, TLS_ECDHE_ECDSA_WITH_AES_256_CBC_SHA384, TLS_ECDHE_RSA_WITH_AES_256_CBC_SHA384, TLS_ECDHE_ECDSA_WITH_AES_128_CBC_SHA256, TLS_ECDHE_RSA_WITH_AES_128_CBC_SHA256, TLS_DHE_RSA_WITH_AES_256_CBC_SHA256, TLS_DHE_DSS_WITH_AES_256_CBC_SHA256, TLS_DHE_RSA_WITH_AES_128_CBC_SHA256, TLS_DHE_DSS_WITH_AES_128_CBC_SHA256, TLS_ECDHE_ECDSA_WITH_AES_256_CBC_SHA, TLS_ECDHE_RSA_WITH_AES_256_CBC_SHA, TLS_ECDHE_ECDSA_WITH_AES_128_CBC_SHA, TLS_ECDHE_RSA_WITH_AES_128_CBC_SHA, TLS_DHE_RSA_WITH_AES_256_CBC_SHA, TLS_DHE_DSS_WITH_AES_256_CBC_SHA, TLS_DHE_RSA_WITH_AES_128_CBC_SHA, TLS_DHE_DSS_WITH_AES_128_CBC_SHA, TLS_RSA_WITH_AES_256_GCM_SHA384, TLS_RSA_WITH_AES_128_GCM_SHA256, TLS_RSA_WITH_AES_256_CBC_SHA256, TLS_RSA_WITH_AES_128_CBC_SHA256, TLS_RSA_WITH_AES_256_CBC_SHA, TLS_RSA_WITH_AES_128_CBC_SHA, TLS_EMPTY_RENEGOTIATION_INFO_SCSV]
[DEBUG] Starting handshake (null)
[DEBUG] Secure session established
[DEBUG]  negotiated protocol: TLSv1.3
[DEBUG]  negotiated cipher suite: TLS_AES_128_GCM_SHA256
[DEBUG]  peer principal: CN=*.github.io
[DEBUG]  peer alternative names: [*.github.io, *.github.com, *.githubusercontent.com, github.com, github.io, githubusercontent.com, www.github.com]
[DEBUG]  issuer principal: CN=Sectigo RSA Domain Validation Secure Server CA, O=Sectigo Limited, L=Salford, ST=Greater Manchester, C=GB
[DEBUG] http-outgoing-0 set socket timeout to 3 MINUTES
[DEBUG] raw.githubusercontent.com:443 connected null->raw.githubusercontent.com/185.199.111.133:443 as http-outgoing-0
[DEBUG] ep-0000000001 connected http-outgoing-0
[DEBUG] ep-0000000001 endpoint connected
[DEBUG] ex-0000000001 executing GET /bonigarcia/webdrivermanager/master/src/main/resources/commands.properties HTTP/1.1
[DEBUG] ex-0000000001 Cookie spec selected: strict
[DEBUG] ep-0000000001 start execution ex-0000000001
[DEBUG] ep-0000000001 executing exchange ex-0000000001 over http-outgoing-0
[DEBUG] http-outgoing-0 >> GET /bonigarcia/webdrivermanager/master/src/main/resources/commands.properties HTTP/1.1
[DEBUG] http-outgoing-0 >> user-agent: Apache-HttpClient/5.0
[DEBUG] http-outgoing-0 >> accept-encoding: gzip, deflate, br
[DEBUG] http-outgoing-0 >> cache-control: max-age=0
[DEBUG] http-outgoing-0 >> connection: keep-alive
[DEBUG] http-outgoing-0 >> Host: raw.githubusercontent.com
[DEBUG] http-outgoing-0 >> "GET /bonigarcia/webdrivermanager/master/src/main/resources/commands.properties HTTP/1.1[\r][\n]"
[DEBUG] http-outgoing-0 >> "user-agent: Apache-HttpClient/5.0[\r][\n]"
[DEBUG] http-outgoing-0 >> "accept-encoding: gzip, deflate, br[\r][\n]"
[DEBUG] http-outgoing-0 >> "cache-control: max-age=0[\r][\n]"
[DEBUG] http-outgoing-0 >> "connection: keep-alive[\r][\n]"
[DEBUG] http-outgoing-0 >> "Host: raw.githubusercontent.com[\r][\n]"
[DEBUG] http-outgoing-0 >> "[\r][\n]"
[DEBUG] http-outgoing-0 << "HTTP/1.1 200 OK[\r][\n]"
[DEBUG] http-outgoing-0 << "Connection: keep-alive[\r][\n]"
[DEBUG] http-outgoing-0 << "Content-Length: 946[\r][\n]"
[DEBUG] http-outgoing-0 << "Cache-Control: max-age=300[\r][\n]"
[DEBUG] http-outgoing-0 << "Content-Security-Policy: default-src 'none'; style-src 'unsafe-inline'; sandbox[\r][\n]"
[DEBUG] http-outgoing-0 << "Content-Type: text/plain; charset=utf-8[\r][\n]"
[DEBUG] http-outgoing-0 << "ETag: W/"dc0c32cea2dfa86f6cf10513cf8a64e1e8817484a415b658b4eecd962d4deaee"[\r][\n]"
[DEBUG] http-outgoing-0 << "Strict-Transport-Security: max-age=31536000[\r][\n]"
[DEBUG] http-outgoing-0 << "X-Content-Type-Options: nosniff[\r][\n]"
[DEBUG] http-outgoing-0 << "X-Frame-Options: deny[\r][\n]"
[DEBUG] http-outgoing-0 << "X-XSS-Protection: 1; mode=block[\r][\n]"
[DEBUG] http-outgoing-0 << "X-GitHub-Request-Id: 942C:33742B:377A76:9A0B2E:67FDB03F[\r][\n]"
[DEBUG] http-outgoing-0 << "Content-Encoding: gzip[\r][\n]"
[DEBUG] http-outgoing-0 << "Accept-Ranges: bytes[\r][\n]"
[DEBUG] http-outgoing-0 << "Date: Wed, 07 May 2025 11:51:12 GMT[\r][\n]"
[DEBUG] http-outgoing-0 << "Via: 1.1 varnish[\r][\n]"
[DEBUG] http-outgoing-0 << "X-Served-By: cache-hyd1100026-HYD[\r][\n]"
[DEBUG] http-outgoing-0 << "X-Cache: HIT[\r][\n]"
[DEBUG] http-outgoing-0 << "X-Cache-Hits: 9[\r][\n]"
[DEBUG] http-outgoing-0 << "X-Timer: S1746618672.131793,VS0,VE0[\r][\n]"
[DEBUG] http-outgoing-0 << "Vary: Authorization,Accept-Encoding,Origin[\r][\n]"
[DEBUG] http-outgoing-0 << "Access-Control-Allow-Origin: *[\r][\n]"
[DEBUG] http-outgoing-0 << "Cross-Origin-Resource-Policy: cross-origin[\r][\n]"
[DEBUG] http-outgoing-0 << "X-Fastly-Request-ID: ca43c25e795ca1a87ed6305c172f5a58f7de4901[\r][\n]"
[DEBUG] http-outgoing-0 << "Expires: Wed, 07 May 2025 11:56:12 GMT[\r][\n]"
[DEBUG] http-outgoing-0 << "Source-Age: 64[\r][\n]"
[DEBUG] http-outgoing-0 << "[\r][\n]"
[DEBUG] http-outgoing-0 << HTTP/1.1 200 OK
[DEBUG] http-outgoing-0 << Connection: keep-alive
[DEBUG] http-outgoing-0 << Content-Length: 946
[DEBUG] http-outgoing-0 << Cache-Control: max-age=300
[DEBUG] http-outgoing-0 << Content-Security-Policy: default-src 'none'; style-src 'unsafe-inline'; sandbox
[DEBUG] http-outgoing-0 << Content-Type: text/plain; charset=utf-8
[DEBUG] http-outgoing-0 << ETag: W/"dc0c32cea2dfa86f6cf10513cf8a64e1e8817484a415b658b4eecd962d4deaee"
[DEBUG] http-outgoing-0 << Strict-Transport-Security: max-age=31536000
[DEBUG] http-outgoing-0 << X-Content-Type-Options: nosniff
[DEBUG] http-outgoing-0 << X-Frame-Options: deny
[DEBUG] http-outgoing-0 << X-XSS-Protection: 1; mode=block
[DEBUG] http-outgoing-0 << X-GitHub-Request-Id: 942C:33742B:377A76:9A0B2E:67FDB03F
[DEBUG] http-outgoing-0 << Content-Encoding: gzip
[DEBUG] http-outgoing-0 << Accept-Ranges: bytes
[DEBUG] http-outgoing-0 << Date: Wed, 07 May 2025 11:51:12 GMT
[DEBUG] http-outgoing-0 << Via: 1.1 varnish
[DEBUG] http-outgoing-0 << X-Served-By: cache-hyd1100026-HYD
[DEBUG] http-outgoing-0 << X-Cache: HIT
[DEBUG] http-outgoing-0 << X-Cache-Hits: 9
[DEBUG] http-outgoing-0 << X-Timer: S1746618672.131793,VS0,VE0
[DEBUG] http-outgoing-0 << Vary: Authorization,Accept-Encoding,Origin
[DEBUG] http-outgoing-0 << Access-Control-Allow-Origin: *
[DEBUG] http-outgoing-0 << Cross-Origin-Resource-Policy: cross-origin
[DEBUG] http-outgoing-0 << X-Fastly-Request-ID: ca43c25e795ca1a87ed6305c172f5a58f7de4901
[DEBUG] http-outgoing-0 << Expires: Wed, 07 May 2025 11:56:12 GMT
[DEBUG] http-outgoing-0 << Source-Age: 64
[DEBUG] ex-0000000001 connection can be kept alive for 3 MINUTES
[DEBUG] http-outgoing-0 << "[0x1f][0xffffff8b][0x8][0x0][0x0][0x0][0x0][0x0][0x0][0x3][0xffffffb5]X[0xffffffd1]n[0xffffffda]0[0x14]}[0xffffffe7]+,[0xffffffba]J [0x11][0xffffffb2][0x1][0xffffffeb][0xffffffaa]Jy[0xffffffa0][0x19]e[0xffffffd5][0xffffffa8]`[0xffffffd0]v[0xffffff9b][0xffffffe4][0x17][0xffffff93]8`)[0xffffff89]Q[0xffffff9c]@[0xffffffb7][0xffffffa9][0xfffffffb][0xfffffff6]9NB[0xffffffe3]$[0xc]H[0xffffffe0][0xffffffad][0xffffff8e][0xffffff8f][0xffffffef]97[0xffffffdc]s}[0xffffffd3][0xb][0xffffffa0]S[0xffffffc7]A[0xffffffae][0xffffffc9][0xffffff80][0xffffff89]|4G[0xc][0xffffffd7].[0xffffffc0][0xffffffe3][0xffffff92]0`[0x11][0x1b][0x3][0xffffff83][0xffffffba]>".[0x3][0xfffffffe]2\[0xffffffc4]P[0xffffff9f][0xffffff82]9[0x6][0xfffffff8][0x5][0x1b][0xffffff81][0xffffff8f]M@\[0xffffffb1][0xffffffcd][0xffffff96][0xffffffd8][0xffffffb6][0xffffffc3][0x5][0xfffffff5]L[0xffffffec][0xffffff85] [0x13][0xfffffffb][0xffffffd8][0xfffffff0][0xffffffc5][0xffffffe6][0x1a]{[0xffffff8c]P[0xffffffbe]g[0x1][0xffffffcc][0xffffffff]^x[0x18][0xffffffbb]`[0xffffffee][0xffffffd1][\r][0xffffffe3][0x1b][0xffffff9c][0xffffffb2][0xffffffa1]/=[0xffffffea][0xffffffe0][0x16][0xffffffb8]#[0x1e][0xffffffb6][0xffffffe8]K[0xb][0xffffff8c]W[0xffffffd8]C-00[0x17][0xfffffffc][0xffffffa9][0xffffffd8]%[0xffffff81][0xffffffd3][0xc][0xffffffe3][0xffffff9b][0xffffffc4][0xffffffb2][0xffffffb0][0xffffff87]][0x1f][0xffffffd0][0x10][0xffffffe3][0x13]w[0x1][0xffffffd8]/[0xffffffe6]c[0xffffff87][0xffffff81][0xffffffc6]w[0xffffffe2][0xffffff9a]<j[0xb][0xffffff8c][0xffffff88][0x1b][0xfffffff0]0[0xf][0xffffffc8][0x0][0xffffffe3]Y[0xffffffb3][0xffffffc6]9"[0xffffff8a]Z[0xffffff9c]F[0xffffffdb][0x10][0xffffffcb][0xfffffff6]&:[0xffffffd0]~[0xffffffff]A3[0x1c][0xffffffb3][0xffffffcd][0xffffffb3][0x2][0xffffffaa][0xe]6[0xe]1[0xffffffc4]+[0x11][0xffffffaf]a[0xffffffb3][0xffffffe4]|[0xffffffc0]E[0xe][0xffffffd6][0xffffffea][0xffffff97][0xffffff93][0xffffffe9]x8[0xffffffed]?[0xffffffdc][0xffffffdd][0xffffff8f][0x6][0xffffffb3][0x1b][0xffffffa8]Ax[0x9][0xffffffe1][0xffffff90][0xffffffd2][0xffffff85][0xffffff8d]![0xffffff8c]( [0xffffffec][0xffffffaf]V61[0xffffffb8]4[0xffffffea]B[0x18][0x13][0xfffffff1][0xffffffc8]u[0xffffffb0][0xffffffc0]>x[0xffffff8e][0xffffffdf][0xffffff85][0xffffffba]Fv[0xffffffb0][O[0xffffffa7][0xffffff84][0xffffff9e][0xffffffc6][0xffffff8f][0xffffffeb][0xffffffab][0xffffffe6]9Eu[0xf][0x14]5[0x1a][0xffffffeb][0xfffffffd]Q[0x7f]2[0xfffffff9][0xffffffdc][0x7f][0xffffffec][0xffffff9f]SOO[0xffffff9b][0xe][0xffffff86][0xffffffe0][0xffffffdb][0xffffffd3]`[0xfffffffa][0x13]|[0xfffffff9][0xffffffaa]?[0xffffffc1][0x19][0xffffffb5][0xfffffffc][\r][0xfffffff2]p[0xffffffc2][0x16][0xffffff93][0xffffffdd][0xffffff8e]n12D[0xffffffbc][0xffffffa4][0x16]w[0xffffffc6][0xfffffffc][0xffffffa8][0xffffffad][0xffffffe8][0xffffff86]c[0xffffffc2]z[0x16][0xffffffa9]*[0xffffffb1]I@c[0xffffff88]}[0xffffffe5][0xffffff9e][0x17][0x1a][0xffffffa8][0xffffffbf][0xfffffffb][0xffffff83][0xffffffdd][0xfffffff5]M:[0xffffffcd][0xffffffd7][0xc]e:[0xffffffbd]Tv[0xffffffcd]v[0xffffff9c][0xffffffda][0xffffffbd]k[0xffffffd1][0xfffffff6][0xffffffc4][0xffffffa3]f`[0xfffffff8][0xffffffcf]{$][0x1d].)W[0xe][0xffffffe7][0xffffffd4][0xfffffff5][0xffffffa9][0xffffff9c][0xffffffae]SH[0xffffffca]j[0xffffffb2]C[0xffffffbf][0xffffff87].V[0x3][0xffffffe6][0xffffffa9]s[0xffffffe2][0xffffffaa][0xb][0xffffffc1][0xffffffa1]D[0xfffffffb]@Qv[0xfffffffc][0xffffffee][0xfffffff1][0xffffffc1][0xffffff8e][0xffffffb6][0xb][0xffffff9f]=[0xffffffe0] C[0xfffffff0][0xffffffa4]T35J([0xffffffee]1m[0xffffffb4]Z[0xffffffa9]:[0xffffffef][0xffffff9d][0xffffffbc]I1[0xffffff95][0xffffffb7][0xffffffa0][0xfffffff1]L[0x6][0xffffffa4][0xffffffa3][0xfffffff3][0xffffffce][0x14]7[0xffffffbd]-[0xffffff91][0x15][0xffffffad]O[0xffffffd3][0xffffff9b][0x1e][0xffffffe8]ob[0xffffffdb](![0xffffff81]0[0xffffff89][0xffffffbe][0xffffffcf]k9[0x15][0xffffff95];[0xffffffd2][0xffffffe9][0xffffffa4]tS[0xffffffbe][0xffffffaf][0xffffffcb][0xffffffc6][0xffffff8f]I[0xffffffb2]d[0xfffffff5][0xffffffd0][0xfffffffa]z[0xffffffe0][0xffffff85][0x17]G[0xffffffb6][0xffffffac]s[0xffffffe1]{[0xffffff95][0xfffffffc][0x16]1[0xffffffff][0xfffffffd] [0xffffffa5]w[0xffffff90][0xffffffbf]rB[0xffffff8e][0xffffffe8]E[0xffffffb2][0xffffffc1][0xffffff8e][0xffffffd7][0xffffff90][0x13][0xffffff91]wT[0xffffffbc][0x3][0xffffff94][0xfffffff5].pGKar[0xffffffa0]B[0xffffffe7][0xffffffc4][0xffffffbf]O[0xffffff91]g[0xffffffd2][0xffffffb1][0xffffffb8]M[0xffffffc2]Y`[0x1b][0x13][0xfffffff3]E5[0xffffff83][0xffffffc8][0xffffffa5]I[0xc][0xffffff8f]2^C[0x10][0xffffff86]4[0xffffff99][0xffffffdb][0xffffffc9]a[0xffffff82]n_[0xffffff99][0xffffffca][0xffffff9a][0xffffffca][0xffffffd8][0xffffffe5][0xffffff8c]r[0xffffffba];[0xffffffaf][0xffffffca]72[0xffffffc1][0xfffffff5][0xffffffbf][0xffffffbb]R[0xe]Y[0xffffffd2]&[0xffffffaf]Y[0xffffffc6]tr[0xffffffa9][0xffffffdc][0xe][0xffffffb2][0xffffff8c][0xffffffac][0xffffffa8][0xffffffa4]_[0x12][0xffffffe3]V[0xffffff97]U[0xffffff93][0xffffff85][0xffffffe5]=[0xffffffe4]$[0x1c]J[0x8]([0xffffffb8][0xffffff96][0xffffffd2][0xffffffe7]:[0xffffffda]N[0xffffffb8][0xffffff8c]/t[0xffffffd6]6[0x1d][0xffffffe1][0xffffff9c]"[0xffffff83][0xffffffc9][0x8] ]Jb[0x0][0xffffffdf][0xffffffb2][0xffffff88]Q[0xfffffffb]x[0xffffffbf][0x15][0xffffffcd][0xffffff81][0xfffffffc][0xffffff8d]-<[0xffffffe4]0[0x8][0x5][0x5][0xffffff84]Q[0xffffffec]}[0xffffffd5][0xffffff9c]QP[0xffffffc5]][0xffffffa7]QPe[0x16][0xffffff8e]ym[0x14][0xffffffb8][0x6][0xffffffc7][0x1e]K[0xffffffdd][0xffffffab][0xffffff90]|E[0xffffffea][0xffffffd2]7R[0xffffffc4]+[0xffffffd1][0x1e]d[0xfffffff0][0xc][0xffffffff][0x11][0xffffffa3][0xffffffb0]<[0xffffff9d][0xffffff9f][0xffffff88][0xffffffbf][0xfffffff4][0xffffffc8][0xffffffbb]-[0xffffffba]H[0xffffffc8][[0xffffffc9][0xffffff95]Qq][0xfffffff6]-[0xffffff94]S[0xffffff91][0xffffff91][0xffffff91][0xffffffef]j[0xffffffe2]yA3[0xffffff93][0xfffffff0][0x1d]-[0xb][0xffffffcb][0xffffffe0][\n]"
[DEBUG] http-outgoing-0 << "[0xffffffbb][0xffffff98][0x10]Z[0xffffffd4][0xffffffbc][0xffffffc6][0xffffffd9]`[0xffffffc9]7>[0x9][0x1c]yf[0xffffffe7][0xf]N[0xffffffd3][0xffffffba][0xffffff92][0xfffffff0][0x15]>^%-[0xffffff95]'[0xffffffea]S[0xb]:[0xffffffb4][0xffffffa7][0x15]5[0xffffff96]Sk)=]l[0xffffff85]T[0xfffffffe][0xffffffd4][0xffffff95][0xfffffff4]T[0xffffff9b]-[0xffffffce]$[0xffffffaa]t;[0xffffffac][0xffffffa4]'/([0xffffffdf][0x12][0xffffff92]-%[0xfffffffe]7[0xffffffdf][0xffffffae]/[0xfffffff0][0xffffffd4]in[0xffffff87][0xffffffe3][0xf]u[0xfffffff3][0xffffff94][0x7][0xffffff9c][0xffffffea]i[0x5][0xffffffe0]<[0xffffffba][0xffffffb0]#%[0xffffffaf][0xffffffae][0xffffffa8])[0xffffffe9][0x5]Q/[0xffffffc0][0xc]Y[0xffffffc8]#[0xffffffdb][0xfffffff0]L,[0xffffff8b][0xffffff83]G[0xffffffd0][0xffffffa2][0xffffffd0][0xffffffd1]N*[0xfffffff0]?l[0x1d]d@[0xffffffbe][0x15][0x0][0x0]"
[DEBUG] ep-0000000001 releasing valid endpoint
[DEBUG] ep-0000000001 releasing endpoint
[DEBUG] ep-0000000001 connection http-outgoing-0 can be kept alive for 3 MINUTES
[DEBUG] ep-0000000001 connection released [route: {s}->https://raw.githubusercontent.com:443][total available: 1; route allocated: 1 of 5; total allocated: 1 of 25]
[DEBUG] Detecting chrome version using online commands.properties
[DEBUG] Running command on the shell: [cmd.exe, /C, wmic, datafile, where, name="%PROGRAMFILES:\=\\%\\Google\\Chrome\\Application\\chrome.exe", get, Version, /value]
[DEBUG] Result: Version=135.0.7049.116
[DEBUG] Removing resolution chrome135=135.0.7049.114 from cache (expired on Tue May 06 20:57:35 IST 2025)
[DEBUG] ex-0000000002 preparing request execution
[DEBUG] ex-0000000002 target auth state: UNCHALLENGED
[DEBUG] ex-0000000002 proxy auth state: UNCHALLENGED
[DEBUG] ex-0000000002 acquiring connection with route {s}->https://googlechromelabs.github.io:443
[DEBUG] ex-0000000002 acquiring endpoint (3 MINUTES)
[DEBUG] ex-0000000002 endpoint lease request (3 MINUTES) [route: {s}->https://googlechromelabs.github.io:443][total available: 1; route allocated: 0 of 5; total allocated: 1 of 25]
[DEBUG] ex-0000000002 endpoint leased [route: {s}->https://googlechromelabs.github.io:443][total available: 1; route allocated: 1 of 5; total allocated: 2 of 25]
[DEBUG] ex-0000000002 acquired ep-0000000002
[DEBUG] ex-0000000002 acquired endpoint ep-0000000002
[DEBUG] ex-0000000002 opening connection {s}->https://googlechromelabs.github.io:443
[DEBUG] ep-0000000002 connecting endpoint (null)
[DEBUG] ep-0000000002 connecting endpoint to https://googlechromelabs.github.io:443 (30 SECONDS)
[DEBUG] googlechromelabs.github.io resolving remote address
[DEBUG] googlechromelabs.github.io resolved to [googlechromelabs.github.io/185.199.108.153, googlechromelabs.github.io/185.199.109.153, googlechromelabs.github.io/185.199.110.153, googlechromelabs.github.io/185.199.111.153, googlechromelabs.github.io/2606:50c0:8000:0:0:0:0:153, googlechromelabs.github.io/2606:50c0:8002:0:0:0:0:153, googlechromelabs.github.io/2606:50c0:8003:0:0:0:0:153, googlechromelabs.github.io/2606:50c0:8001:0:0:0:0:153]
[DEBUG] googlechromelabs.github.io:443 connecting null->googlechromelabs.github.io/185.199.108.153:443 (30 SECONDS)
[DEBUG] Connecting socket to googlechromelabs.github.io/185.199.108.153:443 with timeout 30 SECONDS
[DEBUG] Enabled protocols: [TLSv1.3, TLSv1.2]
[DEBUG] Enabled cipher suites: [TLS_AES_256_GCM_SHA384, TLS_AES_128_GCM_SHA256, TLS_CHACHA20_POLY1305_SHA256, TLS_ECDHE_ECDSA_WITH_AES_256_GCM_SHA384, TLS_ECDHE_ECDSA_WITH_AES_128_GCM_SHA256, TLS_ECDHE_ECDSA_WITH_CHACHA20_POLY1305_SHA256, TLS_ECDHE_RSA_WITH_AES_256_GCM_SHA384, TLS_ECDHE_RSA_WITH_CHACHA20_POLY1305_SHA256, TLS_ECDHE_RSA_WITH_AES_128_GCM_SHA256, TLS_DHE_RSA_WITH_AES_256_GCM_SHA384, TLS_DHE_RSA_WITH_CHACHA20_POLY1305_SHA256, TLS_DHE_DSS_WITH_AES_256_GCM_SHA384, TLS_DHE_RSA_WITH_AES_128_GCM_SHA256, TLS_DHE_DSS_WITH_AES_128_GCM_SHA256, TLS_ECDHE_ECDSA_WITH_AES_256_CBC_SHA384, TLS_ECDHE_RSA_WITH_AES_256_CBC_SHA384, TLS_ECDHE_ECDSA_WITH_AES_128_CBC_SHA256, TLS_ECDHE_RSA_WITH_AES_128_CBC_SHA256, TLS_DHE_RSA_WITH_AES_256_CBC_SHA256, TLS_DHE_DSS_WITH_AES_256_CBC_SHA256, TLS_DHE_RSA_WITH_AES_128_CBC_SHA256, TLS_DHE_DSS_WITH_AES_128_CBC_SHA256, TLS_ECDHE_ECDSA_WITH_AES_256_CBC_SHA, TLS_ECDHE_RSA_WITH_AES_256_CBC_SHA, TLS_ECDHE_ECDSA_WITH_AES_128_CBC_SHA, TLS_ECDHE_RSA_WITH_AES_128_CBC_SHA, TLS_DHE_RSA_WITH_AES_256_CBC_SHA, TLS_DHE_DSS_WITH_AES_256_CBC_SHA, TLS_DHE_RSA_WITH_AES_128_CBC_SHA, TLS_DHE_DSS_WITH_AES_128_CBC_SHA, TLS_RSA_WITH_AES_256_GCM_SHA384, TLS_RSA_WITH_AES_128_GCM_SHA256, TLS_RSA_WITH_AES_256_CBC_SHA256, TLS_RSA_WITH_AES_128_CBC_SHA256, TLS_RSA_WITH_AES_256_CBC_SHA, TLS_RSA_WITH_AES_128_CBC_SHA, TLS_EMPTY_RENEGOTIATION_INFO_SCSV]
[DEBUG] Starting handshake (null)
[DEBUG] Secure session established
[DEBUG]  negotiated protocol: TLSv1.3
[DEBUG]  negotiated cipher suite: TLS_AES_128_GCM_SHA256
[DEBUG]  peer principal: CN=*.github.io
[DEBUG]  peer alternative names: [*.github.io, *.github.com, *.githubusercontent.com, github.com, github.io, githubusercontent.com, www.github.com]
[DEBUG]  issuer principal: CN=Sectigo RSA Domain Validation Secure Server CA, O=Sectigo Limited, L=Salford, ST=Greater Manchester, C=GB
[DEBUG] http-outgoing-1 set socket timeout to 3 MINUTES
[DEBUG] googlechromelabs.github.io:443 connected null->googlechromelabs.github.io/185.199.108.153:443 as http-outgoing-1
[DEBUG] ep-0000000002 connected http-outgoing-1
[DEBUG] ep-0000000002 endpoint connected
[DEBUG] ex-0000000002 executing GET /chrome-for-testing/known-good-versions-with-downloads.json HTTP/1.1
[DEBUG] ex-0000000002 Cookie spec selected: strict
[DEBUG] ep-0000000002 start execution ex-0000000002
[DEBUG] ep-0000000002 executing exchange ex-0000000002 over http-outgoing-1
[DEBUG] http-outgoing-1 >> GET /chrome-for-testing/known-good-versions-with-downloads.json HTTP/1.1
[DEBUG] http-outgoing-1 >> user-agent: Apache-HttpClient/5.0
[DEBUG] http-outgoing-1 >> accept-encoding: gzip, deflate, br
[DEBUG] http-outgoing-1 >> cache-control: max-age=0
[DEBUG] http-outgoing-1 >> connection: keep-alive
[DEBUG] http-outgoing-1 >> Host: googlechromelabs.github.io
[DEBUG] http-outgoing-1 >> "GET /chrome-for-testing/known-good-versions-with-downloads.json HTTP/1.1[\r][\n]"
[DEBUG] http-outgoing-1 >> "user-agent: Apache-HttpClient/5.0[\r][\n]"
[DEBUG] http-outgoing-1 >> "accept-encoding: gzip, deflate, br[\r][\n]"
[DEBUG] http-outgoing-1 >> "cache-control: max-age=0[\r][\n]"
[DEBUG] http-outgoing-1 >> "connection: keep-alive[\r][\n]"
[DEBUG] http-outgoing-1 >> "Host: googlechromelabs.github.io[\r][\n]"
[DEBUG] http-outgoing-1 >> "[\r][\n]"
[DEBUG] http-outgoing-1 << "HTTP/1.1 200 OK[\r][\n]"
[DEBUG] http-outgoing-1 << "Connection: keep-alive[\r][\n]"
[DEBUG] http-outgoing-1 << "Content-Length: 90282[\r][\n]"
[DEBUG] http-outgoing-1 << "Server: GitHub.com[\r][\n]"
[DEBUG] http-outgoing-1 << "Content-Type: application/json; charset=utf-8[\r][\n]"
[DEBUG] http-outgoing-1 << "permissions-policy: interest-cohort=()[\r][\n]"
[DEBUG] http-outgoing-1 << "x-origin-cache: HIT[\r][\n]"
[DEBUG] http-outgoing-1 << "Last-Modified: Wed, 07 May 2025 11:10:00 GMT[\r][\n]"
[DEBUG] http-outgoing-1 << "Access-Control-Allow-Origin: *[\r][\n]"
[DEBUG] http-outgoing-1 << "Strict-Transport-Security: max-age=31556952[\r][\n]"
[DEBUG] http-outgoing-1 << "ETag: W/"681b3f88-2b746b"[\r][\n]"
[DEBUG] http-outgoing-1 << "expires: Wed, 07 May 2025 11:22:31 GMT[\r][\n]"
[DEBUG] http-outgoing-1 << "Cache-Control: max-age=600[\r][\n]"
[DEBUG] http-outgoing-1 << "Content-Encoding: gzip[\r][\n]"
[DEBUG] http-outgoing-1 << "x-proxy-cache: HIT[\r][\n]"
[DEBUG] http-outgoing-1 << "X-GitHub-Request-Id: 0B21:35C975:A6103:C8504:681B403E[\r][\n]"
[DEBUG] http-outgoing-1 << "Accept-Ranges: bytes[\r][\n]"
[DEBUG] http-outgoing-1 << "Date: Wed, 07 May 2025 11:51:13 GMT[\r][\n]"
[DEBUG] http-outgoing-1 << "Via: 1.1 varnish[\r][\n]"
[DEBUG] http-outgoing-1 << "Age: 453[\r][\n]"
[DEBUG] http-outgoing-1 << "X-Served-By: cache-hyd1100034-HYD[\r][\n]"
[DEBUG] http-outgoing-1 << "X-Cache: HIT[\r][\n]"
[DEBUG] http-outgoing-1 << "X-Cache-Hits: 38[\r][\n]"
[DEBUG] http-outgoing-1 << "X-Timer: S1746618673.117962,VS0,VE1[\r][\n]"
[DEBUG] http-outgoing-1 << "Vary: Accept-Encoding[\r][\n]"
[DEBUG] http-outgoing-1 << "X-Fastly-Request-ID: 0680c884bdbce2c269d2ed09ac9121c60a80d4d5[\r][\n]"
[DEBUG] http-outgoing-1 << "[\r][\n]"
[DEBUG] http-outgoing-1 << HTTP/1.1 200 OK
[DEBUG] http-outgoing-1 << Connection: keep-alive
[DEBUG] http-outgoing-1 << Content-Length: 90282
[DEBUG] http-outgoing-1 << Server: GitHub.com
[DEBUG] http-outgoing-1 << Content-Type: application/json; charset=utf-8
[DEBUG] http-outgoing-1 << permissions-policy: interest-cohort=()
[DEBUG] http-outgoing-1 << x-origin-cache: HIT
[DEBUG] http-outgoing-1 << Last-Modified: Wed, 07 May 2025 11:10:00 GMT
[DEBUG] http-outgoing-1 << Access-Control-Allow-Origin: *
[DEBUG] http-outgoing-1 << Strict-Transport-Security: max-age=31556952
[DEBUG] http-outgoing-1 << ETag: W/"681b3f88-2b746b"
[DEBUG] http-outgoing-1 << expires: Wed, 07 May 2025 11:22:31 GMT
[DEBUG] http-outgoing-1 << Cache-Control: max-age=600
[DEBUG] http-outgoing-1 << Content-Encoding: gzip
[DEBUG] http-outgoing-1 << x-proxy-cache: HIT
[DEBUG] http-outgoing-1 << X-GitHub-Request-Id: 0B21:35C975:A6103:C8504:681B403E
[DEBUG] http-outgoing-1 << Accept-Ranges: bytes
[DEBUG] http-outgoing-1 << Date: Wed, 07 May 2025 11:51:13 GMT
[DEBUG] http-outgoing-1 << Via: 1.1 varnish
[DEBUG] http-outgoing-1 << Age: 453
[DEBUG] http-outgoing-1 << X-Served-By: cache-hyd1100034-HYD
[DEBUG] http-outgoing-1 << X-Cache: HIT
[DEBUG] http-outgoing-1 << X-Cache-Hits: 38
[DEBUG] http-outgoing-1 << X-Timer: S1746618673.117962,VS0,VE1
[DEBUG] http-outgoing-1 << Vary: Accept-Encoding
[DEBUG] http-outgoing-1 << X-Fastly-Request-ID: 0680c884bdbce2c269d2ed09ac9121c60a80d4d5
[DEBUG] ex-0000000002 connection can be kept alive for 3 MINUTES
[DEBUG] http-outgoing-1 << "[0x1f][0xffffff8b][0x8][0x0][0x0][0x0][0x0][0x0][0x0][0x3][0xffffffcc][0xffffffbd][0xffffffdd][0xffffff8e],Iv^[0xfffffff9].}-[0x16][0xffffffc3][0xffffffed][0xffffffcf][0xffffffcd][0xfffffff8][0x1c][0xffffffba][0xffffff9a][0xffffffc1]\[0xfffffff4][0xffffff90]=d[0x3]M6[0xffffffd1][0xffffffdd][0xffffff92][0x6]#[0xffffffe8][0xffffffdd]'22[0xffffffcf][0xffffffc9],[0xffffffdb]_[0x1c]U[0xfffffff8]i[0xffffffec][0xfffffff5]A[0x12][0x8]J[0xffffff9d][0xffffffe5]&baa[0xffffff95][0xffffff87][0xffffffed][0xffffffed][0xffffffff][0xfffffff3]w[0x7f][0xfffffffb][0xffffffe3][0xffffffbf][0xffffffff][0xffffffe1][0xffffffaf][0x7f][0xfffffffb][0xfffffffd][0xffffffbf][0xffffffff][0xffffffe7][0xffffffef][0xfffffffe][0xffffffe9]w[0xffffffe5]V[0xfffffffa]?[0xffffffdc][0xffffffee][0xffffffff][0xfffffffb][0xfffffffc][0xffffffaf][0xffffffb7][0xfffffff5]O[0xfffffff7][0xffffffff][0xffffffdd][0xffffffeb]/[0xffffffe5][0xffffffd6][0xfffffffe][0xffffff8f][0xffffffdf][0xfffffffd][0xffffff97][0xffffffdf][0xfffffffd][0xfffffff7]?[0xfffffffc][0xffffffe5][0xffffffaf][0x7f][0xfffffffc][0xfffffff3][0x7f][0xfffffffc][0xfffffff5]w[0xffffffff][0xfffffff4][0x7f][0xfffffffe][0xffffffcf]o[0xffffffff][0xffffffcd][0xfffffffd]/[0xffffff8e][0xffffffa3][0xfffffffe]r[0xfffffffb][0xffffffa5][0xffffff8f][0xffffffb3][0xfffffffc]r[0xffffffbb][0xffffffff][0xffffffa7][0xfffffffe][0xfffffff2][0xffffff87][0xffffffff][0xfffffffe][0xffffffc7][0xffffffef][0xffffffff]/[0xffffffe5]h[0xffffffbd][0xffffffdf][0xffffffff]/[0xffffffff][0xffffffe5][0xffffffcf][0xffffffff][0xffffffe3]?[0xfffffffe][0xfffffff4][0xffffffe7][0xffffffdf][0xffffffff][0xffffffcb][0xfffffffd]o[0xffffffff][0xffffffe7][0xffffffef][0xfffffffe][0xfffffff9][0xffffffdf][0xfffffffe][0xfffffff2][0xffffffe7][0x7f][0xffffffff][0xffffffc3][0xffffffe3][0xffffff9f][0xfffffff2][0xffffff9f][0x7f][0xfffffffa][0xfffffffd][0xffffffdf][0xfffffffe][0xffffff9f]?[0xffffffff][0xffffffe5][0xffffffdf][0xffffffef][0xffffffff][0xffffffe1]?[0xfffffffd][0xfffffff1]?[0xfffffffe][0xffffffdb][0xffffffff];[0xffffffda][0xfffffffd]?[0xfffffffc][0xffffffdf][0xfffffffe][0xfffffff2][0xffffffa7][0xfffffffb][0x7f][0xffffffff]o[0x7f][0xfffffffb][0xffffffdb][0x7f][0xfffffffe][0xfffffff5][0xffffff9f][0xfffffffe][0xfffffff1][0x1f][0xffffffff][0xfffffffa][0xffffffb7]?[0xffffffff][0xffffffe5][0xfffffff7][0xffffffff][0xfffffffa][0xffffff87]_[0xfffffffe][0xfffffff5][0xffffffcf][0x7f][0xfffffffe][0xffffffd7]?[0xfffffffd][0xffffffe1][0xfffffff7][0xffffffff][0xfffffff9][0xffffffc7][0xffffffbf][0xfffffffe][0xfffffff2][0xffffffcf][0x7f][0xfffffffe][0xfffffff7][0x7f]|[0xffffffff][0xffffff87][0xfffffffc][0xffffffc3][0xfffffffd][0xffffff8f][0xffffffff][0xffffffe1]o[0xfffffff7][0xffffffc3][0xffffffff][0xfffffff1]?[0xfffffffe][0xfffffff5][0x1f][0xfffffffe][0xfffffff3][0xffffffbf][0xfffffffd][0xffffffdf][0x7f][0xfffffffa][0xffffffe3]?[0xffffffff][0xffffffe3][0xffffffd7][0xfffffff3][0xfffffffc][0xffffffe3][0xffffffc7]?[0xfffffff5][0xffffffdb][0x7f][0xfffffffc][0xffffffe3][0xffffffbf][0xfffffffd][0xffffffe5][0xffffffff][0xfffffffb][0xffffffe3][0x7f][0xfffffffe][0xffffffee][0x7f][0xfffffffd][0xffffff97]_=[0xffffffff][0xffffffdf][0x7f][0xffffffff][0xffffffcf][0xffffffff][0xfffffff0][0xfffffffb][0xffffffbf][0xfffffffc][0xfffffffb][0xffffffdf][0xfffffffd][0x4][0xffffffdf][0xffffffff][0xffffffb9][0xffffffdf][0xfffffffe][0xffffffe0][0xfffffffb][0xffffffff][0xffffffc5][0xffffffb3]S[0xfffffffc][0xfffffffd][0xffffffff][0xffffffa7][0xfffffff0][0xfffffff1]O[0xfffffffd]z[0xffffff82]'[0xffffffff]S[0xfffffff8][0x1f][0x7f][0xfffffffc][0xffffff8f]Z[0xfffffffe][0xffffffce]O[0x7f][0xfffffffc]3[0xffffffbf][0xfffffffd][0xffffff87][0x1f][0xffffffff][0xffffffcd][0xffffff93]'[0xffffffff][0xffffffdd][0xffffffff][0xffffffff][0xfffffffd][0xfffffff8]g~y[0xfffffff2][0xffffffb7][0xffffffff]?[0xffffffff]_[0xffffffff][0xffffffeb][0xffffffed][0xffffffe1][0x12][0xffffffe1][0xffffffda][0xffffffcd][0x18][0xffffffae][0x1d][0xffffff87][0xfffffff8]~[0x4][0xffffff9e][0xffffffe2][0xffffff8f]CP[0x18][0xffffffdf][0x1f]Oq[0xfffffffc][0xfffffffe][0xffffffe8]WA[0x1e][0xffffffd5][0xc][0xffffffe4]Qq[0xffffff90][0xffffffef]G[0xffffffe0]A[0xfffffffe]8[0x4][0x5][0xfffffff2][0xfffffffd][0xfffffff1][0x14][0xffffffc8][0xffffffef][0xffffff8f][0xfffffffe][0xffffff8d] [0xffffffb7][0xffffffc7]_[0xffffffad]![0xffffffa2]b[0xffffff94][0xffffffb1][0xffffffd2]9[0xfffffffe]<[0xf][0xffffff85][0xfffffff1][0xffffff97][0x13]`[0x14]ogH[0xffffff86][0xfffffff8][0xffffffcb][0xffffffd3][0xffffff93][0x19][0xfffffffe][0xfffffff5][0xffffff93]_A[0xfffffff8][0xffffffbc]M[0xffffff81][0xfffffff0][0xffffffac][0xfffffffd]`[0x10]~[0xffffff9c][0x7]E[0xfffffff8][0xfffffffd][0x4],[0xffffffc2][0xffffff9f]g [0x10]~[0x7f]:[0xffffff81][0xfffffff0][0xfffffff7]'[0xffffffbf][0xffffff86][0xfffffff0]R[0x8][0xfffffff7][0xffffffd6]([0xffffff84][0x17][0xffffff8e][0xfffffff0]2@x[0xffffffa1][0x8]/[0xc][0xffffffe1]u[0x1][0xffffffe1][0xffffffe3][0xffffffa6][0x10][0xffffff9e]uB[0x8][0xffffffbf][0xffffff9d][0xffffff87]E[0xfffffff8]q[0x2][0x18][0xffffffe1][0xffffffef]g@[0x10]~<[0x1d]A[0xfffffff8][0xffffffdb][0xffffff93]_C[0xfffffff8][0xfffffff8]%[0xfffffffe];[0xffffffdd]:[0xffffffc6][0xffffff8d]B[0xfffffff8]~[0x1e][0x18][0xffffffe1][0xffffffb7][0x13][0xffffffd0][0x8][0x7f];[0x3][0xffffff83][0xfffffff0][0xffffffdb][0xffffffd3][0x19][0xffffff84]?[0xffffff9e][0xfffffffc][0x1a][0xffffffc2]UXx[0xffffff9d][0xffffff83][\n]"
[DEBUG] http-outgoing-1 << "[0xffffff89][0xffffffb7][0xfffffff3][0xffffffc0][0x8]W[0x3][0xb]W[0xffffffd4][0xffffffc2][0x15][0xffffffb3]p[0xffffffbd]b[0xffffffe1][0x1e][0x11][0xffffffae][0xffffffb7]:+[0xffffff85]p[0xffffffc7][0x11][0xffffffee][0x6][0x8]w[0x14][0xffffffe1][0xffffff8e]![0xffffffdc][0xffffffaf] ,[0xffffffde]H[0xffffffd4][0xffffffa3][0x0]/[0xffffff87]?[0xffffffcf][0x3]#l[0xfffffff0]F[0xffffffe2]@[0xffffffdf]H[0x1c][0xffffffd8][0x1b][0xffffff89][0xffffffe3][0xffffffca][0x1b][0xffffff89]r[0xfffffffb][0xffffffa5]E[0xffffff84][0xffffffe7]m@[0x8][0xffffffbf][0xffffff9d][0xffffff87]E[0xfffffff8]q[0x2][0x18][0xffffffe1][0xffffffef]g@[0x10]~<[0x1d]A[0xfffffff8][0xffffffdb][0xffffff93]_CX[0xffffffdc][0xffffff97][0xffffffa8][0xffffffa5]q[0x8][0xffffff83][0xfffffff7]%[0xffffffbe][0xffffff9c][0xffffff80]F[0x18][0xffffffba]/[0xfffffff1][0xffffffe5][0xffffffe9][0xc][0xffffffc2][0xffffffaf][0xffffffdd][0xffffff97][0xfffffff8][0xfffffff8][0xffffffa3]&[0x10][0xffffffae][0xffffffb7][0xffffff83]z#[0xfffffff1]v[0x1e][0x18][0xffffffe1]f[0xffffff80]pC[0x11]n[0x18][0xffffffc2][0xffffffed][\n]"
[DEBUG] http-outgoing-1 << "[0xffffffc2][0xffffffaa][0xffffff85][9[0xffffffa8]_[0xffffffe7][\n]"
[DEBUG] http-outgoing-1 << "[0xffffffde][0xffffffc2][0xffffffc5][0xffffffa0][0xffffff85][0xb][0xffffffda][0xffffffc2][0x5]k[0xffffffe1]r[0xffffffa5][0xffffff85][0xffffffab][\n]"
[DEBUG] http-outgoing-1 << "[0xffffff89][0xffffffd6]V[0xffffff81][0x10][0xffffffae]xHT[0xffffff83][0xffffff90][0xffffffa8]hHT,$[0xffffffea][0xffffff95][0xffffff90][0xffffffa8][0xffffffe2][0xffffffbd]pm[0xfffffff3][0xffffffa4][0xffffffde]HT[0xfffffffc][0xffffffbd]p5x/\[0xffffffd1][0xfffffff7][0xffffffc2][0x15]{/\[0xffffffaf][0xffffffbc][0x17][0xffffffae][0xffffffaa][0xffffff85][0xfffffffb]q[0xffffffc3][0x10][0xffffffc6][[0xffffffb8][0x1a][0xffffffb4][0xfffffff0][0xfffffff7]30[0x8]c-[0xfffffffc][0xffffffed][0xffffffc9][0xffffffaf]![0xffffffac]~[0xffffffda][0xffffffe8][0xfffffffd][0xffffffa4][0xfffffffe]u[0xffffffae][0xffffffe2]?mT[0xffffff83][0xffffff9f]6*[0xfffffffa][0xffffffd3]F[0xffffffc5]~[0xffffffda][0xffffffa8]W~[0xffffffda][0xffffffb8][0xffffffff]Q1C[0xffffffb8][0xffffffe0][0x8][0x17][0x3][0xffffff84][0xb][0xffffff8a]p[0xffffffc1][0x10].W[0x10][0xe][0xffffffd7]|`[0xffffff84][0xffffffe1]k>[0xffffff8f][0x13][0xfffffff0][0x8][0xffffff83][0xffffffd7]|[0x1e]O[0xffffffa7][0x10]~[0xfffffffd][0xffffff9a][0xffffffcf][0xfffffffd][0xffffff8f][0xffffff86][0x19][0xffffffc2][0x3]Gx[0x18] <P[0xffffff84][0x7][0xffffff86][0xfffffff0][0xffffffb8][0xffffff82][0xfffffff0][0xffffffe1][0xffffffc6][0xfffffff0][0xffffffc1]C|8P|[0xffffffb0][0x18][0x1f][0x1c][0xffffffc7][0xffffffc7]%[0xffffff90][0xffffff8b][0x1b][0xffffffc8][0xffffff85][0x7][0xffffffb9]8[0xffffff80]\X[0xffffff90][0xb][0x7]r[0xffffffb9][0x4]r[0x1c][0xffffffce][0xffffff87]A[0xffffffe6][0xffffff86][0xfffffff3][0xffffffbf][0x1e][0xffffff81][0x7][0xffffff99][0x19][0xffffffce][0xffffffff][0xfffffffa]x[\n]"
[DEBUG] http-outgoing-1 << "[0xffffffe4][0xffffff97][0xffffff86][0xfffffff3][0xffffffbf][0xffffffff]Us[0x3][0xffffffb9][0xfffffff1] 7[0x7][0xffffff90][0x1b][0xb]r[0xffffffe3]@n[0xffffff97]@^n/[0xffffff8c][0x17][0xffffffff][0xffffffc6][0xfffffff8]~[0x4][0x1e][0xffffffe4][0xffffff8f]CP /[0xffffffee][0xffffffa5][0xfffffff1][0xffffffba][0xfffffff4][0xffffffd6][0xfffffff8][0xffffffa8]n/[0xffffffdd][0xffffffee]'[0xffffffc2]Q~;[0x3][0xffffffcf][0xfffffff2][0xffffffb7]SP0[0xffffffbf]=[0xffffff9f][0xffffffa2][0xfffffff9][0xffffffe3][0xffffffd9][0xffffffbf][0x11][0xffffffe7][0xfffffffe][0xfffffffe]gb\[0xffffffbf][0xffffff9e][0xffffffb7][0xffffff91][0x7f]![0xffffffe8][0xfffffff3]<[0x14][0xffffffca]_N[0xffffff80][0xffffff81][0xffffffbc][0xffffff9d]![0x19][0xffffffe3]/OO[0xffffff86][0xfffffff8][0xffffffd7]O~[0x9][0xffffffe1]&[0xffffffc6][0xfffffff5][0xffffffeb]Yg[0xfffffffe][0xffffffb5][0xffffffcc][0xffffffcf][0xfffffff3][0xffffffb0][0x8]7t\[0x7f];[0x3][0xffffff82]p[0x3][0xffffffc6][0xfffffff5][0x7f][0xfffffffd][0xffffffe4][0xffffffd7][0x10]>[0x14][0xffffffc2][0xffffffbd][0xffffffe5]'[0xffffffc5][0xffffffe7]y`[0xffffff84][0xf][0x3][0xffffff84][0xf][0x14][0xffffffe1][0x3]C[0xfffffff8][0xffffffb8][0xffffff82][0xffffffb0][0xffffffba]Y|[0xfffffff6]uR[0x8][0xffffff83]7[0xffffff8b][0xffffffbf][0xffffff9c][0xffffff80]F[0x18][0xffffffba]Y[0xfffffffc][0xffffffe5][0xffffffe9][0xc][0xffffffc2][0xffffffaf][0xffffffdd],[0xfffffffe][0xfffffff8]#u[0xffffffb3][0xfffffff8][0x1c]-[0x7f][0xffffff81][0xffffffe0][0xffffffe7]y`[0xffffff84][0xffffffd1][0xffffff9b][0xffffffc5][0xffffffdb][0x19][0x18][0xffffff84][0xffffff81][0xffffff9b][0xffffffc5][0xffffffbf]~[0xfffffff2]k[0x8]7[0xffffff89][0xfffffff0][0xffffffca][0xffffffdf]8[0xfffffff1]y[0x1e][0x18][0xffffffe1]f[0xffffff80]pC[0x11]n[0x18][0xffffffc2][0xffffffed][\n]"
[DEBUG] http-outgoing-1 << "[0xffffffc2][0xffffffa7]@x[0xffffff96][0xffffff82][0xffffff85][0xffffffc4][0xffffff89]#|[0x1a] |[0xffffffa2][0x8][0xffffff9f][0x18][0xffffffc2][0xffffffe7][0x15][0xffffff84][0xffffffd5]K[0xffffffb5]9;fa[0xfffffffc][0xffffffa5]Z3x[0xffffffa9][0xffffffd6][0xffffffd0][0xffffff97]j[\r]{[0xffffffa9][0xffffffd6][0xffffffae][0xffffffbc]T[0xffffffeb][0xffffffea][0xffffffa5][0xffffffda]*[0x7][0xffffff85]p[0xffffffc7]_[0xffffffaa]u[0xffffff83][0xffffff97]j[0x1d]}[0xffffffa9][0xffffffd6][0xffffffb1][0xffffff97]j[0xfffffffd][0xffffffca]K[0xffffffb5][0xffffffae]^[0xffffffaa][0xffffffad]V[0xffffffa8][0xffffff97]j[0x1d][0x7f][0xffffffa9][0xffffffd6][\r]^[0xffffffaa]u[0xfffffff4][0xffffffa5]Z[0xffffffc7]^[0xffffffaa][0xfffffff5]+/[0xffffffd5][0xffffffee][0x7f][0x14]G[0xffffff94]X[0xffffff84][0xffffffb1][0x11][0xffffffa5]/'[0xffffffe0][0x11]FF[0xffffff94][0xffffffbe]<[0xffffff9d]B[0xfffffff8][0xffffff95][0x11][0xffffffa5][0xffffff8f]?*[\n]"
[DEBUG] http-outgoing-1 << "[0xffffffe1]{WS[0x8][0x17][0x1c][0xffffffe1]b[0xffffff80]pA[0x11].[0x18][0xffffffc2][0xffffffe5][\n]"
[DEBUG] http-outgoing-1 << "[0xffffffc2]"
[DEBUG] http-outgoing-1 << "[0xffffffe2][0xffffffbd]p[0xffffffbb][0xffffffdd]J[0xfffffffe][0xfffffff6][0xffffffb5][0xffffffcf][0xfffffff3][0xffffffc0][0x8][0x1b][0xffffffbc][0x17][0xffffffee][0xffffffe8]{[0xffffffe1][0xffffff8e][0xffffffbd][0x17][0xffffffee]W[0xffffffde][0xb][0xfffffff7][0xffffffae][0x10][0xffffffee][0xffffffc0][0xffffffc6][0xffffff89][0xffffffcf][0xfffffff3][0xffffffc0][0x8]w[0x3][0xffffff84];[0xffffff8a]p[0xffffffc7][0x10][0xffffffee]W[0x10][0x16][0xffffff9f][0xfffffff7][0xffffffba]#[0xffffff8c][0xffffffdd]T[0xffffffeb][0xffffffe0][0xffffffe7][0xffffffbd][0xffffffbe][0xffffff9c][0xffffff80]F[0x18][0xfffffffa][0xffffffbc][0xffffffd7][0xffffff97][0xffffffa7]3[0x8][0xffffffbf][0xfffffff6]y[0xffffffaf][0xffffff8f]?[0x12]?m[0xffffffb4][0xffffffdb][0xffffffe0],[0xffffff8c][0xffffffff][0xffffffb4][0xffffffd1][\r]~[0xffffffda][0xffffffe8][0xffffffe8]O[0x1b][0x1d][0xfffffffb]i[0xffffffa3]_[0xfffffff9]i[0xffffffa3][0xffffff8b][0x1d][0xffffff98]w[0xffffff84][0xffffff81][0xf][0xffffffcb]|[0xffffff9e][0x7]F[0x18][0xffffffdd][0xffffff81][0xffffffb9][0xffffff9d][0xffffff81]A[0x18][0xffffffd8][0xffffff81][0xfffffff9][0xffffffeb]'[0xffffffbf][0xffffff86][0xffffffb0][0xfffffff8]u[0xffffffae][0xffffffdd][0xffffffce][0xffffff93][0xffffffba]/[0xffffffdc][0xfffffff1]_[0xffffffe7][0xffffffba][0xffffffc1][0xffffffaf]s[0x1d][0xfffffffd]u[0xffffffae]c[0xffffffbf][0xffffffce][0xfffffff5]+[0xffffffbf][0xffffffce][\r][0xfffffff1][0xffffffd3]FC[0xffffffbe][0xffffffca][0xfffffff1]y[0x1e][0x16][0xffffffe1]a[0xfffffff0][0xffffffd3][0xffffffc6]@[0x7f][0xffffffda][0x18][0xffffffd8]O[0x1b][0xffffffe3][0xffffffca]O[0x1b]C[0xffffffdc][0x17]n[0xffffffc7][0xffffffa8][0xffffffd4]K[0xffffffb5][0xffffff81][0xffffffdf][0x17][0x1e][0x6][0xfffffff7][0xffffff85][0x7]z_x`[0xfffffff7][0xffffff85][0xffffffc7][0xffffff95][0xfffffffb][0xffffffc2][0xfffffff7]?jf[0x8]c[0x1f][0xffffff96][0xfffffff9]r[0x2][0x1e]a[0xffffffe4][0xffffffc3]2_[0xffffff9e]N![0xfffffffc][0xffffffca][0xffffff87]e>[0xfffffffe]H[0xfffffffd][0xffffffb4]q[0xffffffac]A[0xffffffb5][0xfffffff0][0xffffffc0][0x7f][0xffffffda][0x18][0x6]?m[0xc][0xfffffff4][0xffffffa7][0xffffff8d][0xffffff81][0xfffffffd][0xffffffb4]1~[0xfffffff8][0xffffffd3][0xffffffc6][0x7f][0xfffffff9][0xffffff80][0xfffffff0]_[0xfffffffe][0xfffffff2][0xffffffc7];[0xffffffc8][0x4][0xffffff8a][0xffffffef]Ov[0x0][0xfffffff2][0xffffffe3]$8[0xffffff96]_[0xffffffce][0x1][0xffffffc1][0xfffffff9]q[0x2][0xc][0xffffffd1][0xffffffcf][0xffffffe7][0xffffffff]o][0xffffffdb][0xffffff85]k[0xffffffcb][0x0]>+[0xfffffffe]y[0x1e][0xffffffd8][0xffffffb5][0xffffffdd][0xffffffc0][0xffffffb5]=@[0xffffff9d][0xffffff89]s[0xffffffc7]\[0xffffffdb][0xffffff9d]\[0x1b]Qd\[0xffffffab][0xffffff80]d\[0x1b][0xffffffb1][0xffffffcc]w[0xffffffed][0xe]g[0xffffffb6]kwD_p[0xffffffad][0xfffffffa][0xffffffa5][0xffffffad][0x1e][0x13]s-[0xfffffffe]K[0xffffffdb]0[0xfffffff8][0xffffffa5]m[0xffffffa0][0xffffffbf][0xffffffb4][\r][0xffffffec][0xffffff97][0xffffffb6][0xfffffff1][0xffffffc3]_[0xffffffda][0xffffffb2]][0x1b]Qd\[0xffffffab][0xffffff80]d\[0x1b][0xffffffb1][0xffffffcc]w[0xffffffed][0xe]g[0xffffffb6]kwD_p[0xffffffad][0xfffffffa]I[0xffffffb8][0xfffffff6][0xffffff8a][0xfffffffd][0x18][0xffffff81][0xffffffff]$<[0xc]~[0x12][0x1e][0xffffffe8]O[0xffffffc2][0x3][0xfffffffb]Ix[0xfffffffc][0xfffffff0]'[0xffffffe1]l[0xffffffd7]F[0x14][0x19][0xffffffd7]* [0x19][0xffffffd7]F,[0xfffffff3]][0xffffffbb][0xffffffc3][0xffffff99][0xffffffed][0xffffffda][0x1d][0xffffffd1][0x17]\[0xffffffab][0xffffffee].[0xffffffd4][0xffffffd1][0xffffffa9][0x15]%[0x3][0xffffffbf][0xffffffbb]0[0xc][0xffffffee].[0xc][0xfffffff4][0xffffffee][0xffffffc2][0xffffffc0][0xffffffee].[0xffffff8c][0x1f][0xffffffde]][0xffffffc8]vmD[0xffffff91]q[0xffffffad][0x2][0xffffff92]qm[0xffffffc4]2[0xffffffdf][0xffffffb5];[0xffffff9c][0xffffffd9][0xffffffae][0xffffffdd][0x11][0xfffffffd][0xffffffed][0xffffffae]=[0xffffffc5][0x8]|[0xffffffab][0xffffffe7]AM[0xffffffae][0xffffff9d][0xfffffff8][0x8][0xfffffffc]i0[0x2][0x7f][0xffffffa2]#[0xfffffff0]'6[0x2][0x7f][0xfffffffe]p[0x4]>[0xffffffd9][0xffffffb5][0x2]E[0xffffffc4][0xffffffb5][0x12]H[0xffffffc4][0xffffffb5][0x2][0xffffffcb]t[0xffffffd7][0x6]8[0xffffff93]][0x1b][0x10]}[0xffffffc1][0xffffffb5][0xffffffea]Bc[0xffffffbd][0xffffff97]2[0xffffffe5]Z[0xfffffffc]B[0xffffffe3]ip[0xffffffa1][0xfffffff1]D/4[0xffffff9e][0xffffffd8][0xffffff85][0xffffffc6][0xfffffff3][0xffffff87][0x17][0x1a][0xffffffb3]][0x1b]Qd\[0xffffffab][0xffffff80]d\[0x1b][0xffffffb1][0xffffffcc]w[0xffffffed][0xe]g[0xffffffb6]kwD_p[0xffffffad][0xffffffba]y[[0xffffffe7]A][<[0xfffffff1][0xffffff9b][0xffffffb7][0xffffffa7][0xffffffc1][0xffffffcd][0xffffffdb][0x13][0xffffffbd]y{b7o[0xffffffcf][0x1f][0xffffffde][0xffffffbc][0xffffffcd]vmD[0xffffff91]q[0xffffffad][0x2][0xffffff92]qm[0xffffffc4]2[0xffffffdf][0xffffffb5];[0xffffff9c][0xffffffd9][0xffffffae][0xffffffdd][0x11]}[0xffffffc1][0xffffffb5][0xffffffea]~m][0xffffffc0][0xffffffb7][0xffffff82]>[0xffffffcf][0x3][0xffffffbb][0xffffffd6][0xffffffe0]~[0xffffffed][0x19]/2f[0xffffffe2][0xffffff8c][0xffffffdd][0xffffffaf]=[0xfffffff7][0xffffffcb][0xffffff8b][0xffffffa8]kM[0xffffffee][0xffffffd7]J [0x19][0xffffffd7][0x1a][0xffffffdc][0xffffffaf][\r]pf[0xffffffbb][0xfffffff6][0xfffffffa][0xfffffffd][0xffffffda][0xfffffffb][0xffffff9f]63[0xffffffd7][0xffffffc2][0xffffffe3]8[0xffffff8f][0x13][0xfffffff0][0xffffffae][0x5][0xffffffc7]q[0x1e]O[0xffffffa7]\[0xfffffffb][0xffffff83]q[0xffffff9c]|[0xffffffd7][0xffffffee](R[0xffffffae][0xffffff8d]@R[0xffffffae][0xffffffdd][0xffffffb1]$\[0xffffffdb]`[0xffffffd7][0xffffffb6][0xffffffab][0xffffffae]U[0xffffffcb][0xffffff98][0xffffffda][0xffffffc2][0xffffffd6]C[0xffffff9f][0xfffffff8]2[0xffffffa6][0xffffffd3]`[0x19][0xffffffd3][0xffffff89].c:[0xffffffb1]eL[0xffffffe7][0xf][0xffffff97]1e[0xffffffbb]6[0xffffffa2][0xffffffc8][0xffffffb8]V[0x1][0xffffffc9][0xffffffb8]6b[0xffffff99][0xffffffef][0xffffffda][0x1d][0xffffffce]l[0xffffffd7][0xffffffee][0xffffff88][0xffffffbe][0xffffffe0]Z5[0xffffffcb][0xffffffd0][0xb][0xfffffff6]5[0xffffff89][0x13][0xffffff9f]e8[\r]f[0x19][0xffffffce]xi<[0x13]gl[0xffffff96][0xffffffe1][0xffffffdc]/[0xffffff8a][0xffffffa3][0xffffffae]5[0xffffff99]e[0xffffff90]@2[0xffffffae]5[0xffffff98]e[0x8]pf[0xffffffbb][0xfffffff6][0xfffffffa],[0xffffffc3]T[0xfffffff7][0x10]F[0xffffffc3]>[0x1]8[0xfffffff1]{[0x8][0xffffffd3][0xffffffe0][0x1e][0xffffffc2][0xffffff8c]?[0xfffffff8]&[0xffffffe2]<[0xffffffb1]{[0x8]s[0xffffffff][0xffffff91][0xffffff97]t[0xffffffad]@[0x11]q[0xffffffad][0x4][0x12]q[0xffffffad][0xffffffc0]2[0xffffffdd][0xffffffb5][0x1][0xffffffce]d[0xffffffd7][0x6]D_pmW[0xffffffae]][0xffffffa5]Q[0xffffffae][0xffffffed][0xffffffb8]k[0xffffffbb][0xffffff81]k{[0xffffff80]:[0x13][0xffffffe7][0xffffff8e][0xffffffb9][0xffffffb6];[0xffffffb9]6[0xffffffa2][0xffffffc8][0xffffffb8]V[0x1][0xffffffc9][0xffffffb8]6b[0xffffff99][0xffffffef][0xffffffda][0x1d][0xffffffce]l[0xffffffd7][0xffffffee][0xffffff88][0xffffffbe][0xffffffe0]Z57v[0xffffffde][0xffffffff][0xffffff89][0xffffff94]k[0xfffffff1][0xffffffb9][0xffffffb1]i076[0xffffffe3][0xffffff80]N&[0xffffffce][0xffffffd8][0xffffffdc][0xffffffd8][0xffffffdc][0xffffff87]rP[0xffffffd7][0xffffff9a][0xffffffcc][0xffffff8d]I [0x19][0xffffffd7][0x1a][0xffffffcc][0xffffff8d][0x5]8[0xffffffb3]]{}nl[0xffffffdd]~[0xffffffa9][0xffffffc1][0xffffffb5][0xfffffff3][0xfffffffe][0x7f] [0xffffffd7][0xffffffbe][0xffffff9d][0xffffff87]u[0xffffffed][0xffffffe3][0x4][0xffffffb0]k[0xffffffbf][0xffffff9f][0x1]q[0xffffffed][0xffffffe3][0xffffffe9][0xffffff88]k[0xffffffbf]=[0xffffffd9][0xffffffc2][0xffffffb5][0x2]E[0xffffffc4][0xffffffb5][0x12]H[0xffffffc4][0xffffffb5][0x2][0xffffffcb]t[0xffffffd7][0x6]8[0xffffff93]][0x1b][0x10]}[0xffffffc9][0xffffffb5][0xffffff87][0xffffff9b]l[0xf][0xffffffde][0xffffffb6][0xffffff87][0xffffff83]n[0xf][0xffffffd6][0xffffffb7][0x7]'[0xffffffdc][0xffffffc3][0xffffffca][0xffffffb8][0xffffff81]GJ[0xffffffb9][0xffffff82]J[0xffffffca][0xffffffb9][0xffffff81]MB[0xffffffba][0x7]m[0xffffffdd][0xffffffe3]'[0xffffffb4][0xfffffffb]xM[0xffffffeb][0xffffffa4][0xffffffdd][0x2]_[0xffffffb6]}?[0x2][0xffffffaf][0xffffffdd][0x2]^[0xffffffb7]}[0x7f]<[0xffffffa5][0xffffffdd][0xffffffe2]s[0xffffffe1]V[0xfffffff1]HiWPIi7[0xffffffb0]Ih[0xffffffb7][0xffffffa0][0xffffff97]n#[0xffffffa7]/i[0xffffffb7][0xf]3[0xffffffed][0xfffffff6][0xffffff81]k[0xfffffff7]~[0x4]^[0xffffffbb][0x1f][0xffffff87][0xffffffa0][0xffffffb4]{[0x7f]<[0xffffffa5][0xffffffdd][0xfffffff7]G[0xffffffbb]h7[0xfffffff0]HiWPIi7[0xffffffb0]Ihw#4_[0xffffffbb][0x1b][0xffffffa7]/i[0xfffffff7][0xffffffec]f[0xffffffda]=;[0xffffffae][0xffffffdd][0xfffffffb][0x11]x[0xffffffed]~[0x1c][0xffffff82][0xffffffd2][0xffffffee][0xfffffffd][0xfffffff1][0xffffff94]v[0xffffffdf][0x1f][0xffffffed][0xffffffa2][0xffffffdd][0xffffffc0]#[0xffffffa5]]A%[0xffffffa5][0xffffffdd][0xffffffc0]&[0xffffffa1][0xffffffdd][0xffffff8d][0xffffffd0]|[0xffffffed]n[0xffffff9c][0xffffffbe][0xffffffa4][0xffffffdd][0x15]/-[0xffffffb0][0xffffffda]][0xfffffff0][0xffffffad][0xffffff85][0xfffffff7]#[0xfffffff0][0xffffffda][0xfffffffd]8[0x4][0xffffffa5][0xffffffdd][0x5]]\[0xfffffff8][0xfffffffe]h[0x17][0xffffffed][0x6][0x1e])[0xffffffed][\n]"
[DEBUG] http-outgoing-1 << "*)[0xffffffed][0x6]6[0x9][0xffffffed].[0xfffffff4][0xfffffff6]B[0xffffffe4][0xfffffff4]5[0xffffffed]N7[0xffffffed]N^[0xffffffbb][0xffffffd3]A[0xffffffbb][0xffffff93][0xffffffd5][0xffffffee][0xffffffe4][0xffffffb4];[0xffffffad][0xffffffb4][0xffffffbb][0xfffffff3][0xffffff88]i7R[0xffffff89]iwg[0x13][0xffffffd1][0xffffffee][0xffffffa4][0xffffffb5];[0xffffffaf]k[0xfffffff7][0xffffffb8][0x15]3[0xffffffef][0xffffffde]O[0xffffff84][0xffffff8b][0xfffffff7][0xffffffed][0xc][0xffffffbc]y[0xffffffbf][0xffffff9d][0xffffff82]R[0xffffffef][0xffffffdb][0xfffffff3])[0xfffffff7]~<[0xffffffdb]E[0xffffffbe][0x11]J[0xffffffca][0xffffffbe][\n]"
[DEBUG] http-outgoing-1 << "MJ[0xffffffbf][0x11]P[0xffffffc2][0xffffffbf];[0xffffffa6][0xfffffff9][0x2][0xffffffde]a}[0xffffffcd][0xffffffc0][0xffffffa7][0xffffffdb][0xb][0xffffff87][0xfffffffb][0xffffff89]x[0x3][0xffffffdf][0xffffffcf]``[0xffffffe0][0xffffff8f]S`[0x6]>[0xffffffb9][0xffffff97][0xe][0x1f][0xffffffcf][0xffffffb6]1p[0xffffff80][0x12]3[0xffffffb0]@[0x13]3p[0x0][0x14]1[0xfffffff0]I[0xffffffbf]y[0xffffffd8]a[0xfffffffd]-"
[DEBUG] http-outgoing-1 << "[0x6][0x1e][0xffffffef][0x7f][0xffffffac][0xffffffb6]/[0xffffffcc][0xffffffb3][0xffffffe6][0xfffffffb][0xfffffff7][0xfffffff3]<[0xffffff94]}[0xffffffbf][0xffffff9c][0x0]s[0xffffffef]v[0xffffff86]d[0xfffffff3]~yz[0xffffffb2]w[0x7f][0xfffffffd]d[0xffffffd8][0xffffffba]OQLv[0xffffffee][0xf][0xffffff80]L6[0xffffffee]S,[0x13]}[0xfffffffb][0x4][0xffffffce]4[0xffffffdb]>A[0xfffffff4][0x5][0xffffffd7][0xffffffaa][0xffffffcd][0xffffffe4][0xffffffab][0xffffff8e]B[0xffffffb9][0x16][0xffffffdc]L[0xfffffffe][0xffffffe5][0x4][0xffffffb4]k[0xffffffa1][0xffffffcd][0xffffffe4]_[0xffffff9e][0xffffffce][0xffffffb8][0xffffffd6]c3[0xfffffff9]S[0x14][0x19][0xffffffd7][0x1a]l&[0x7f][0xffffff8a]e[0xffffffbe]k[0xffffffb1][0xffffffcd][0xffffffe4]O[0x10]}[0xffffffc1][0xffffffb5]M[0xffffffb9]v[0xfffffff4][0xfffffffc][0xffffffcd][0xffffffe4][0xffffff9f][0xffffffe7][0xffffff81]][0xffffffdb][0xc]\[0xffffffdb][0x2][0xffffffd4][0xffffff99]87[0xffffffcc][0xffffffb5][0xffffffcd][0xffffffc9][0xffffffb5][0x11]E[0xffffffc6][0xffffffb5][\n]"
[DEBUG] http-outgoing-1 << "H[0xffffffc6][0xffffffb5][0x11][0xffffffcb]|[0xffffffd7][0xffffffee]pf[0xffffffbb]vG[0xfffffff4][0x5][0xffffffd7]v[0xffffffe5][0xffffffda]u`[0xffffffae][0xffffffed][0xffffffb8]k[0xffffffbb][0xffffff81]k{[0xffffff80]:[0x13][0xffffffe7][0xffffff8e][0xffffffb9][0xffffffb6];[0xffffffb9]6[0xffffffa2][0xffffffc8][0xffffffb8]V[0x1][0xffffffc9][0xffffffb8]6b[0xffffff99][0xffffffef][0xffffffda][0x1d][0xffffffce]l[0xffffffd7][0xffffffee][0xffffff88][0xffffffbe][0xffffffe0][0xffffffda][0x11]][0xffffffdb]o[0xffffffb7][0xffffff81][0xffffffb9]v[0xffffffe0][0xffffffae][0x1d][0x6][0xffffffae][0x1d][0x1][0xffffffea]L[0xffffff9c][0x7][0xffffffe6][0xffffffda][0xffffffe1][0xffffffe4][0xffffffda][0xffffff88]"[0xffffffe3]Z[0x5]$[0xffffffe3][0xffffffda][0xffffff88]e[0xffffffbe]kw8[0xffffffb3]][0xffffffbb]#[0xfffffffa][0xffffff82]k[0xffffffc5]W [0xffffffee][0xffffffae]][0xffffffd8][0xfffffffb]Z[0xfffffff0]+[0x10]_N@[0xffffffbb][0x16][0xfffffffa][\n]"
[DEBUG] http-outgoing-1 << "[0xffffffc4][0xffffff97][0xffffffa7]3[0xffffffae][0xfffffff5][0xfffffff8][\n]"
[DEBUG] http-outgoing-1 << "[0xffffffc4]S[0x14][0x19][0xffffffd7][0x1a]|[0x5][0xffffffe2])[0xffffff96][0xfffffff9][0xffffffae][0xffffffc5][0xffffffbe][0x2][0xfffffff1][0x4][0xffffffd1][0x17]\;[0xffffff95]k[0xffffff8f]#[0xffffffff]+[0x10][0xffffff9f][0xffffffe7][0xffffff81]];[\r]\;[0x3][0xffffffd4][0xffffff99]8O[0xffffffcc][0xffffffb5][0xffffffd3][0xffffffc9][0xffffffb5][0x11]E[0xffffffc6][0xffffffb5][\n]"
[DEBUG] http-outgoing-1 << "H[0xffffffc6][0xffffffb5][0x11][0xffffffcb]|[0xffffffd7][0xffffffee]pf[0xffffffbb]vG[0xfffffff4][0x5][0xffffffd7][0xffffff8a][0xffffffcd][0xffffffe4]w[0xffffffd7][0x2]_7[0xfffffffb]<[0xf][0xffffffec]Zt3[0xfffffff9]v[0x6][0xffffffc6][0xffffffb5][0xffffffc0]f[0xfffffff2]_?[0xffffffd9][0xffffffc3][0xffffffb5][0xfffffff8]f[0xfffffff2][0x1f][0x0][0xffffffc9][0xffffffb8][0x16][0xffffffdd]L[0xfffffffe][0x4][0xffffffce]l[0xffffffd7]^[0xffffffd9]L[0xfffffffe][0xfffffff8][0xffffffd3]y[0xffffffbb])[0xffffffd7][0xffffff96][\n]"
[DEBUG] http-outgoing-1 << "[0xffffffb9][0xfffffff6]q[0x1e][0xffffffd4][0xffffffb5][0xffffffef]'`][0xfffffffb]y[0x6][0xffffffc2][0xffffffb5][0xffffffef]O'\[0xfffffffb][0xfffffffd][0xffffffc9][0xe][0xffffffae]U([0x12][0xffffffae][0xffffffd5]@[0x12][0xffffffae]UXf[0xffffffbb]6[0xffffffc2][0xffffff99][0xffffffeb][0xffffffda][0xffffff88][0xffffffe8][0xb][0xffffffae][0x15][0xffffffb3][0xc][0xfffffffd]V+[0xfffffff4][0xe][0xffffffe1]q[0x1e][0xffffffd8][0xffffffb5][0xfffffffc],[0xffffffc3][0xffffffe7][0x19][0x18][0xffffffd7]R[0xffffffb3][0xc][0xffffffdf][0xffffff9f][0xffffffec][0xffffffe1]Z[0xffffff8f]Y[0x6][\r]$[0xffffffe3]Z~[0xffffff96]![0xffffffc2][0xffffff99][0xffffffed][0xffffffda][0xffffffcb][0xffffffb3][0xc][0xfffffff3]V[0xffffff94]k[0xffffffdb]8)[0xffffffd7][0x16][0xffffffdc][0xffffffb5][0xffffffc5][0xffffffc0][0xffffffb5]%@[0xffffff9d][0xffffff89]s[0xffffffc1]\[[0xffffff9c]\[0x1b]Qd\[0xffffffab][0xffffff80]d\[0x1b][0xffffffb1][0xffffffcc]w[0xffffffed][0xe]g[0xffffffb6]kwD_pm[0xfffffffd]%l[0xffffffa9][0xffffffe9][0xffffffb7]U0[0xffffffd7][0xffffffde][0xffffffcf][0x3][0xffffffbb][0xfffffff6][0xffffffed][0x4][0xffffffb4]k[0xffffffbf][0xffffff9d][0xffffff81]q[0xffffffed][0xffffffdb][0xffffffd3][0x19][0xffffffd7]~<[0xffffffd9][0xffffffc3][0xffffffb5][0x11]E[0xffffffc6][0xffffffb5][\n]"
[DEBUG] http-outgoing-1 << "H[0xffffffc6][0xffffffb5][0x11][0xffffffcb]|[0xffffffd7][0xffffffee]pf[0xffffffbb]vG[0xfffffff4][0x5][0xffffffd7][0xffffff8a][0xffffffb9][0xffffffb1]~[0x1c][0x15]s-=7[0xfffffff6]~[0x2][0xffffffda][0xffffffb5][0xffffffe4][0xffffffdc][0xffffffd8][0xfffffffb][0xffffffd3][0x19][0xffffffd7][0x1a][0xffffffcd][0xffffff8d])[0x14][0x19][0xffffffd7][0xffffffba][0xffffffcc][0xffffff8d]),[0xfffffff3]][0xffffffcb][0xffffffce][0xffffff8d]ED_p[0xffffffad][0xffffff98][0x1b][0xffffffeb]G[0xffffffeb][0xffffff93]r-=7[0xfffffff6]~[0x2][0xffffffda][0xffffffb5][0xffffffe4][0xffffffdc][0xffffffd8][0xfffffffb][0xffffffd3][0x19][0xffffffd7][0x1a][0xffffffcd][0xffffff8d])[0x14][0x19][0xffffffd7][0xffffffba][0xffffffcc][0xffffff8d]),[0xfffffff3]][0xffffffcb][0xffffffce][0xffffff8d]ED_p[0xffffffed]P[0xffffffae]=[0x1b][0xffffffd6][0xffffffb5][0x3]w[0xffffffed]0p[0xffffffed][0x8]Pg[0xffffffe2]<0[0xffffffd7][0xe]'[0xffffffd7]F[0x14][0x19][0xffffffd7]* [0x19][0xffffffd7]F,[0xfffffff3]][0xffffffbb][0xffffffc3][0xffffff99][0xffffffed][0xffffffda][0x1d][0xffffffd1][0x17]\[0xffffffab][0xffffffe6][0xffffffc6][0xffffffca]qb[0xffffffae][0xffffffa5][0xffffffe7][0xffffffc6][0xffffffde]O@[0xffffffbb][0xffffff96][0xffffff9c][0x1b]{[0x7f]:[0xffffffe3]Z[0xffffffa3][0xffffffb9]1[0xffffff85]"[0xffffffe3]Z[0xffffff97][0xffffffb9]1[0xffffff85]e[0xffffffbe]k[0xffffffd9][0xffffffb9][0xffffffb1][0xffffff88][0xffffffe8][0xb][0xffffffae]Usc[0xffffffa5][0xffffffdd][0xffffffb0]w[0x8][0xfffffff4][0xffffffdc][0xffffffd8][0xfffffffb][0x9]h[0xffffffd7][0xffffff92]sc[0xffffffef]Og\k47[0xffffffa6]Pd\[0xffffffeb]27[0xffffffa6][0xffffffb0][0xffffffcc]w-;7[0x16][0x11]}[0xffffffc9][0xffffffb5][0xfffffff1][0x1e][0x2][0xffffffeb]Z[0xfffffffa][0x1e][0xffffffc2]4[0xffffffb8][0xffffff87]0[0xffffffc3][0xf][0xffffffbe][0xffffffb9]8S[0xfffffff7][0x10][0xffffffa6][0xffffffd3]=[0xffffff84][0xffffff88]"[0xffffffe5]Z[0xffffff97]{[0x8][0x11]K[0xffffffc2][0xffffffb5][0xffffffec]=[0xffffff84][0x1d][0xffffffd1][0x17]\[0xffffffab]ft[0xffffffcb]yb[0xffffffb3][0xc][0xfffffff4][0xffffff8c][0xffffffee][0xfffffffb][0x9]h[0xffffffd7][0xffffff92]3[0xffffffba][0xffffffef]Og\k4[0xffffffa3][0xffffffab]Pd\[0xffffffeb]2[0xffffffa3][0xffffffab][0xffffffb0][0xffffffcc]w-;[0xffffffa3][0x1b][0x11]}[0xffffffc9][0xffffffb5][0xffffffa2]kQ[0xffffffd7][0xffffffd2]][0xffffffbb][0xc][0xffffffba]v[0xffffff85][0xffffff80][0xffffffc8][0xffffffc5][0xffffff99][0xffffffea][0xffffffda][0xffffffe5][0xffffffd4][0xffffffb5][0x11]E[0xffffffca][0xffffffb5].][0x1b][0xffffffb1]$\[0xffffffcb]v[0xffffffed][0xffffff8e][0xffffffe8]ow[0xffffffed][0xffffffa1][0xfffffff6]![0xffffff94]u[0x1c][0xffffff90]k[0xf]|[0x1f][0xffffffc2]a[0xffffffb0][0xf][0xffffffe1][0xffffff88][0xffffff83][0xffffffe7][0xffffff89]8[0x1f][0xffffffd8]>[0xffffff84]c[0x1f]6']+PD\+[0xffffff81]D\+[0xffffffb0]Lwm[0xffffff80]3[0xffffffd9][0xffffffb5][0x1][0xffffffd1][0x17]\[0xffffffab]ft[0xffffffcb][0xffffff9a][0xffffff85]r->[0xffffffa3]{[0x18][0xffffffcc][0xffffffe8][0x1e]q[0x18]2[0x13]glF[0xfffffff7][0xffffffd8][0x7] Q[0xffffffd7][0xffffff9a][0xffffffcc][0xffffffe8]J [0x19][0xffffffd7][0x1a][0xffffffcc][0xffffffe8][0x6]8[0xffffffb3]]{}F[0xfffffff7]P[0xffffffb3][0xc][0xffffffb5][0xffffffdf]:[0xffffffe5]Z|[0xffffff96][0xffffffe1]0[0xffffff98]e8[0xffffffe2][0xffffffa5][0xfffffff1]L[0xffffff9c][0xffffffb1]Y[0xffffff86]c[0xffffffbf]([0xffffff8e][0xffffffba][0xffffffd6]d[0xffffff96]A[0x2][0xffffffc9][0xffffffb8][0xffffffd6]`[0xffffff96]![0xffffffc0][0xffffff99][0xffffffed][0xffffffda][0xffffffeb][0xffffffb3][0xc]o[0xffffffff]%[0xffffffba][0xfffffff6][0xffffff9c][0xffffffd8];[0xffffff84][0xffffff81][0xffffffbb]v[0x18][0xffffffb8]v[0x4][0xffffffa8]3q[0x1e][0xffffff98]k[0xffffff87][0xffffff93]k#[0xffffff8a][0xffffff8c]k[0x15][0xffffff90][0xffffff8c]k#[0xffffff96][0xfffffff9][0xffffffae][0xffffffdd][0xffffffe1][0xffffffcc]v[0xffffffed][0xffffff8e][0xffffffe8][0xb][0xffffffae]U[0xffffffb3][0xc][0xffffffed]h[0xffffffd8];[0x4]|[0xffffff96][0xffffffe1]0[0xffffff98]e8[0xffffffe2][0xffffffa5][0xfffffff1]L[0xffffff9c][0xffffffb1]Y[0xffffff86]c[0xffffffbf]([0xffffff8e][0xffffffba][0xffffffd6]d[0xffffff96]A[0x2][0xffffffc9][0xffffffb8][0xffffffd6]`[0xffffff96]![0xffffffc0][0xffffff99][0xffffffed][0xffffffda][0xffffffeb][0xffffffb3][0xc][0xffffff87][0xffffff9a]eh[0xffffffb5]a][0xffffff8b][0xffffffcf]2[0x1c][0x6][0xffffffb3][0xc]G[0xffffffbc]4[0xffffff9e][0xffffff89]36[0xffffffcb]p[0xffffffec][0x17][0xffffffc5]Q[0xffffffd7][0xffffff9a][0xffffffcc]2H [0x19][0xffffffd7][0x1a][0xffffffcc]2[0x4]8[0xffffffb3]]{}[0xffffff96][0xffffffa1][0xffffffa8][0xfffffff7][0xffffffb5]}5[0xffffffe8];[0xffffffba][0xffffff8f][0xfffffff3][0xffffffb0][0xffffffae]-[0x6][0xffffffef]kK|1[0xffffff96][0xffffff88]s[0xffffffc1][0xffffffde][0xffffffd7][0xffffff96][0xfffffffd]e[0x18][0xffffffe9]Z[0xffffff81]"[0xffffffe2]Z[0x9]$[0xffffffe2]Z[0xffffff81]e[0xffffffba]k[0x3][0xffffff9c][0xffffffc9][0xffffffae][\r][0xffffff88][0xffffffbe][0xffffffe0]Z[0xfffffff5][0xe]a[0xffffffdc][0xffffffa8]o;>[0xffffffce][0x3][0xffffffbb][0xffffffd6][0xffffffe0][0x1d]B[0xffffff89][0xffffffff][0xffffffb2][0xffffff96][0xffffff89]3[0xfffffff6][0xe][0xffffffa1][0xffffffec][0xffffffff][0xffffff82][0xffffff86][0xffffffba][0xffffffd6][0xffffffe4][0x1d][0xffffff82][0x4][0xffffff92]q[0xffffffad][0xffffffc1];[0xffffff84][0x0]g[0xffffffb6]k[0xffffffaf][0xffffffbf]C([0xffffffea][0x1d][0xffffffc2]8[0xffffffb0][0xffffffef][0xffffff8d][0x15][0xfffffffc][0x1d]B1x[0xffffff87]P[0xffffffe2][0xffffffbf][0xffffffac]e[0xffffffe2][0xffffff8c][0xffffffbd]C([0xfffffffb][0xffffffbf][0xffffffa0][0xffffffa1][0xffffffae]5y[0xffffff87] [0xffffff81]d\k[0xfffffff0][0xe]![0xffffffc0][0xffffff99][0xffffffed][0xffffffda][0xffffff9f]x[0xffffff87][0xffffffa0]ftG;[0x1b][0xffffffe5]Z|F[0xffffffb7][0x18][0xffffffcc][0xffffffe8][0xffffff96]8[0xc][0xffffff99][0xffffff89]36[0xffffffa3][[0xfffffff6][0x1]H[0xffffffd4][0xffffffb5]&"
[DEBUG] http-outgoing-1 << "3[0xffffffba][0x12]H[0xffffffc6][0xffffffb5][0x6]3[0xffffffba][0x1][0xffffffce]l[0xffffffd7]^[0xffffff9f][0xffffffd1][0xffffffad]j[0xffffff96][0xffffffe1]l[0xffffff9d]rm[0xffffffc5]g[0x19][0xffffffaa][0xffffffc1],C[0xffffff8d][0xffffff97][0xffffffc6][0x13]q[0xffffffae][0xffffffd8],C[0xffffffdd]/[0xffffff8a][0xffffff93][0xffffffae][0x15]("[0xffffffae][0xffffff95]@"[0xffffffae][0x15]X[0xffffffa6][0xffffffbb]6[0xffffffc0][0xffffff99][0xffffffec][0xffffffda][0xffffff80][0xffffffe8][0xb][0xffffffae]U[0xffffffbf][0xffffff8d][0xffffffcd]vR[0xffffffef][0x10]*[0xfffffffe][0xffffffdb]X5[0xfffffff8]m[0xffffffac][0xffffffc6][0x1f]!2q[0xffffffc6]~[0x1b][0xffffffab][0xfffffffb][0xf][0xf][0xffffffa8]kM~[0x1b][0xffffff93]@2[0xffffffae]5[0xfffffff8]m,[0xffffffc0][0xffffff99][0xffffffed][0xffffffda][0xffffffeb][0xffffffbf][0xffffff8d]U[0xfffffff5][0xe]a[0xffffffd5]J[0xffffffed]T[0xffffffac][0xfffffff8];[0xffffff84]j[0xfffffff0][0xe][0xffffffa1][0xffffffc6][0x7f]Y[0xffffffcb][0xffffffc4][0x19]{[0xffffff87]P[0xfffffff7][0x7f]AC]k[0xfffffff2][0xe]A[0x2][0xffffffc9][0xffffffb8][0xffffffd6][0xffffffe0][0x1d]B[0xffffff80]3[0xffffffdb][0xffffffb5][0xffffffd7][0xffffffdf]!4[0xffffffb5]{fUln[0xffffffac][0xffffffe1][0xffffffbb]g[0xffffff9a][0xffffffc1][0xffffffee][0xffffff99][0x16][0xffffff97]|$[0xffffffe2][0xffffffdc][0xffffffb0][0xffffffdd]3m_[0xffffffec]A[0xffffffba]V[0xffffffa0][0xffffff88][0xffffffb8]V[0x2][0xffffff89][0xffffffb8]V`[0xffffff99][0xffffffee][0xffffffda][0x0]g[0xffffffb2]k[0x3][0xffffffa2]/[0xffffffb8][0xfffffff6]P[0xffffffae]m[0x7][0xfffffff5][\r][0xffffff9c][0xffffffb7][0xfffffff3][0xffffffc0][0xffffffae]=[0xc]\{[0x4][0xffffffa8]3q>0[0xffffffd7][0x1e]N[0xffffffae][0xffffff8d](2[0xffffffae]U@2[0xffffffae][0xffffff8d]X[0xffffffe6][0xffffffbb]v[0xffffff87]3[0xffffffdb][0xffffffb5];[0xffffffa2]/[0xffffffb8]V[0xfffffffd]6[0xffffffb6]z[0xffffffa5][0xffffffee][0xffffffd7]6[0xfffffffc][0xffffffb7][0xffffffb1]f[0xfffffff0][0xffffffdb]X[0xffffff8b]?Bd[0xffffffe2][0xffffff8c][0xfffffffd]6[0xffffffd6][0xfffffff6][0x1f][0x1e]P[0xffffffd7][0xffffff9a][0xfffffffc]6&[0xffffff81]d\k[0xfffffff0][0xffffffdb]X[0xffffff80]3[0xffffffdb][0xffffffb5][0xffffffd7][0x7f][0x1b]kU[0xffffffb9][0xfffffff6][0xffffffc4][0xfffffff6]![0xffffffbc][0xffffff9d][0x7]vm5pm[\r]Pg[0xffffffe2]\1[0xffffffd7]V'[0xffffffd7]F[0x14][0x19][0xffffffd7]* [0x19][0xffffffd7]F,[0xfffffff3]][0xffffffbb][0xffffffc3][0xffffff99][0xffffffed][0xffffffda][0x1d][0xffffffd1][0x17]\[0xffffffdb][0xffffff94]kW[0xffffffc3][0xffffffba][0xffffffb6][0xffffffe1][0xffffffae]m[0x6][0xffffffae]m[0x1][0xffffffea]L[0xffffff9c][0x1b][0xffffffe6][0xffffffda][0xffffffe6][0xffffffe4][0xffffffda][0xffffff88]"[0xffffffe3]Z[0x5]$[0xffffffe3][0xffffffda][0xffffff88]e[0xffffffbe]kw8[0xffffffb3]][0xffffffbb]#[0xfffffffa][0xffffff82]k[0xffffffc5][0xffffff9d][0xffffffaf]q[0xffffffab][0x5][0xfffffffb]m[0xc][0xffffffbf][0xfffffff3][0xffffffd5][0xc][0xffffffee]|[0xffffffb5]x[0xffffffb9]&[0x13]g[0xffffffec][0xffffffce]W[0xffffffdb]/[0xffffffd4][0xffffffa0][0xffffffae]5[0xffffffb9][0xfffffff3]%[0xffffff81]d\kp[0xffffffe7]+[0xffffffc0][0xffffff99][0xffffffed][0xffffffda][0xffffffeb]w[0xffffffbe][0xffffffee][0x7f]Z[0xffffffcc]\[0xb][0x7f]o[0xffffffec]q[0x2][0xffffffde][0xffffffb5][0xffffffe0][0xfffffff7][0xffffffc6][0x1e]O[0xffffffa7]\[0xffffffeb][0xfffffff3][0xffffffbd]1[0xffffff81]"[0xffffffe5]Z[0xffffff93][0xffffffef][0xffffff8d][0x9],[0x9][0xffffffd7][0xffffffa2][0xffffffdf][0x1b][0xb][0xffffff88][0xffffffbe][0xffffffe4][0xffffffda]j[0xffffffe6][0xffffffda][0xffffff8a][0xffffffbb][0xffffffb6][0x1a][0xffffffb8][0xffffffb6][0xffffffa2][0xffffffae][0xffffffad][0xffffff98]k[0xffffffab][0xffffff93]kw[0x14])[0xffffffd7]F )[0xffffffd7][0xffffffee]X[0x12][0xffffffae][0xffffffad][0xffffffb0]k[0xffffffeb]u[0xffffffd7]63[0xffffffd7]6[0xffffffdc][0xffffffb5][0xffffffcd][0xffffffc0][0xffffffb5][\r]um[0xffffffc3]\[0xffffffdb][0xffffff9c]\[0xffffffbb][0xffffffa3]H[0xffffffb9]6[0x2]I[0xffffffb9]v[0xffffffc7][0xffffff92]pm[0xffffff83]][0xffffffdb][0xffffffae][0xffffffbb][0xfffffff6]p[0xffffff93][0xffffffed][0xffffffc1][0xffffffdb][0xfffffff6]p[0xffffffd0][0xffffffed][0xffffffc1][0xfffffffa][0xfffffff6][0xffffffe0][0xffffff84]{X[0x19]7[0xfffffff0]H)WPI97[0xffffffb0]IH[0xfffffff7][0xffffffa0][0xffffffad]{[0xfffffffc][0xffffff84]v[0xffffffab][0xffffffdb][0xffffffbb][0xffffffdb][0xffffffca][0xffffffbf][0xffffffbc][0xffffffad][0xe]oo+[0xfffffffb][0xfffffffa][0xffffffb6]r[0xffffffef]o[0xffffffab][0xffffffd5][0xb][0xffffffdc][0xffffffc0]#[0xffffffa5]]A%[0xffffffa5][0xffffffdd][0xffffffc0]&[0xffffffa1][0xffffffdd]J[0xffffffbf][0xffffffc4][0xffffffad]?[0xfffffff1][0x16][0xffffffb7][0xffffffb9]i[0xffffffb7][0xfffffff1][0xffffffda]m[0xe][0xffffffda]m[0xffffffac]v[0x1b][0xffffffa7][0xffffffdd]f[0xffffffa5][0xffffffdd][0xffffffc0]#[0xffffffa5]]A%[0xffffffa5][0xffffffdd][0xffffffc0]&[0xffffffa1][0xffffffdd]Fk[0xffffffb7][0xfffffffd][0xffffff8c]v[0xffffff97][0xffffff9b]v[0x17][0xffffffaf][0xffffffdd][0xffffffe5][0xffffffa0][0xffffffdd][0xffffffc5]jwq[0xffffffda]]V[0xffffffda][0xffffffdd]y[0xffffffc4][0xffffffb4][0x1b][0xffffffa9][0xffffffc4][0xffffffb4][0xffffffbb][0xffffffb3][0xffffff89]hw[0xffffffd1][0xffffffda]][0xffffffd7][0xffffffb5];[0xffffffdc]jw[0xfffffff0][0xffffffb5];[0x1c]jw[0xffffffb0][0xffffffb5];[0xffffffb8][0xffffffda][0x1d]V[0xffffffb5][0x1b]x[0xffffffa4][0xffffffb4]+[0xffffffa8][0xffffffa4][0xffffffb4][0x1b][0xffffffd8]$[0xffffffb4];[0xffffffe8][0xffffffda][0x1d]?Q[0xffffffbb][0xffffffd3]M[0xffffffbb][0xffffff93][0xffffffd7][0xffffffee]t[0xffffffd0][0xffffffee]d[0xffffffb5];9[0xffffffed]N+[0xffffffed][0x6][0x1e])[0xffffffed][\n]"
[DEBUG] http-outgoing-1 << "*)[0xffffffed][0x6]6[0x9][0xffffffed]NZ[0xffffffbb][0xfffffff3]'[0xffffffb4][0xffffffbb][0xffffff86][0xffffff99]v[0xffffffd7][0xffffffc0][0xffffffb5]{?[0x2][0xffffffaf][0xffffffdd][0xffffff8f]CP[0xffffffda][0xffffffbd]?[0xffffff9e][0xffffffd2][0xffffffee][0xfffffffb][0xffffffa3]][0xffffffb4][0x1b]x[0xffffffa4][0xffffffb4]+[0xffffffa8][0xffffffa4][0xffffffb4][0x1b][0xffffffd8]$[0xffffffb4][0xffffffbb][0x11][0xffffff9a][0xffffffaf][0xffffffdd][0xffffff8d][0xffffffd3][0xffffffdf][0xffffffa2][0xffffffdd][0xfffffff3][0xfffffffd]o[0xffffff87][0x1a][0xfffffff8]][0xffffffa5][0xffffffa5][[0xfffffff7][0xfffffff3]<[0xffffff94]t[0xffffffbf][0xffffff9c][0x0]s[0xffffffee]v[0xffffff86]d[0xffffffe5]~yz[0xffffffb2]q[0x7f][0xfffffffd]dX[0xffffffb8]OQL[0xfffffff6][0xffffffed][0xf][0xffffff80]L[0xffffffd6][0xffffffed]S,[0x13]m[0xfffffffb][0x4][0xffffffce]4[0xffffffd9]>A[0xfffffff4][0x5][0xffffffd7][0xffffff8a][0xf][0xffffffa0][0xffffff8f][0xffffffe3][0x0][0x16]4~[0xffffff9e][0x7]v-[0xfffffffa][0x1][0xfffffff4][0xffffffed][0xc][0xffffff8c]k[0xffffff81][0xf][0xffffffa0][0xffffffff][0xfffffffa][0xffffffc9][0x1e][0xffffffae][0xffffffc5]?[0xffffff80][0xfffffffe][0x3] [0x19][0xffffffd7][0xffffffa2][0x1f]@[0x7f][0x2]g[0xffffffb6]kwD_p[0xffffffed][0x14][0xffffffcb][0x15][0xffffff8e]V[0xfffffff2]?[0xffffffa8][0xfffffff3]y[0x1e][0xffffffd8][0xffffffb5][0xffffff93]\[0xffffffae][0xffffffb0][0xffffff9d][0xffffff81]q[0xffffffed][0xffffffcc]_[0xffffffae][0xfffffff0][0xffffffeb]'{[0xffffffb8]6[0xffffffa2][0xffffffc8][0xffffffb8]V[0x1][0xffffffc9][0xffffffb8]6b[0xffffff99][0xffffffef][0xffffffda][0x1d][0xffffffce]l[0xffffffd7][0xffffffee][0xffffff88][0xffffffbe][0xffffffe0][0xffffffda][0xffffffa5]\;[0xffffffce][0xfffffffc][0xffffff8f]<|[0xffffff9e][0x7]v[0xffffffed]2p[0xffffffed][\n]"
[DEBUG] http-outgoing-1 << "Pg[0xffffffe2][0xffffffbc]0[0xffffffd7].'[0xffffffd7]F[0x14][0x19][0xffffffd7]* [0x19][0xffffffd7]F,[0xfffffff3]][0xffffffbb][0xffffffc3][0xffffff99][0xffffffed][0xffffffda][0x1d][0xffffffd1][0xffffffdf][0xffffffee][0xffffffda].>[0xffffffa8]3[0xffffffca]m[0xffffffe5][0xffffffff]J[0xfffffff6]y[0x1e][0xffffffd6][0xffffffb5][0x1d][0xfffffffd][0xffffffa0][0xffffffce]v[0x6][0xffffffc4][0xffffffb5][0x1d][0xfffffff8][0xffffffa0][0xffffffce][0xffffffaf][0xffffff9f]l[0xffffffe1]Z[0xffffff81]"[0xffffffe2]Z[0x9]$[0xffffffe2]Z[0xffffff81]e[0xffffffba]k[0x3][0xffffff9c][0xffffffc9][0xffffffae][\r][0xffffff88][0xffffffbe][0xffffffe0]Z[0xfffffff1][0xffffff91][0xffffff87]Q[0xffffff8e]A[0xffffffbd][0xffffffaf][0xffffffed][0xffffffe0]G[0x1e][0xffffffbe][0xffffff9c][0xffffff80]v-[0xfffffff4][0xffffff91][0xffffff87]/Og\[0xffffffeb][0xfffffff1][0xffffff91][0xffffff87][0xffffffa7](2[0xffffffae]5[0xfffffff8][0xffffffc8][0xffffffc3]S,[0xfffffff3]][0xffffff8b]}[0xffffffe4][0xffffffe1][0x9][0xffffffa2]/[0xffffffb8]V|[0xffffffe4]a[0xffffff94]r[0xffffffab][0xffffff94]k[0xffffffc1][0xffffff8f]<|9[0x1][0xffffffed]Z[0xffffffe8]#[0xf]_[0xffffff9e][0xffffffce][0xffffffb8][0xffffffd6][0xffffffe3]#[0xf]OQd\k[0xfffffff0][0xffffff91][0xffffff87][0xffffffa7]X[0xffffffe6][0xffffffbb][0x16][0xfffffffb][0xffffffc8][0xffffffc3][0x13]D_p[0xffffffad][0xfffffffa][0xffffffc8]C[0xffffffa9]7[0xffffffac]k[0xffffffc1][0xffffff8f]<|9[0x1][0xffffffed]Z[0xffffffe8]#[0xf]_[0xffffff9e][0xffffffce][0xffffffb8][0xffffffd6][0xffffffe3]#[0xf]OQd\k[0xfffffff0][0xffffff91][0xffffff87][0xffffffa7]X[0xffffffe6][0xffffffbb][0x16][0xfffffffb][0xffffffc8][0xffffffc3][0x13]D_p[0xffffffed][0xffffffa9]\;G[0xffffffa7]\{[0xffffffe2][0xffffffae]=[\r]\{[0x6][0xffffffa8]3q>1[0xffffffd7][0xffffff9e]N[0xffffffae][0xffffff8d](2[0xffffffae]U@2[0xffffffae][0xffffff8d]X[0xffffffe6][0xffffffbb]v[0xffffff87]3[0xffffffdb][0xffffffb5];[0xffffffa2]/[0xffffffb9]6[0xffffffde]C`][0xb][0xffffffdf]Cx[0xffffff9c][0xffffff80]w-x[0xf][0xffffffe1][0xfffffff1]t[0xffffffca][0xffffffb5]>[0xfffffff7][0x10][0x4][0xffffff8a][0xffffff94]kM[0xffffffee]![0x8],[0x9][0xffffffd7][0xffffffa2][0xfffffff7][0x10][0x2][0xffffffa2]/[0xffffffb8]v[0xffffff8a][0xffffffae][0xffffffad][0xffffffe5][0xffffffc4][0xffffffde][0xffffffd7]N[0xffffffbc]k[0xffffffa7]A[0xffffffd7][0xffffffce][0x10][0x10][0xffffff99]8O[0xffffffac]k[0xffffffa7]S[0xffffffd7]F[0x14][0x19][0xffffffd7]* [0x19][0xffffffd7]F,[0xfffffff3]][0xffffffbb][0xffffffc3][0xffffff99][0xffffffed][0xffffffda][0x1d][0xffffffd1][0x17]\[0xffffffbb][0xffffff94]k[0xffffffdb]Y([0xffffffd7].[0xffffffdc][0xffffffb5][0xffffffcb][0xffffffc0][0xffffffb5]+@[0xffffff9d][0xffffff89][0xfffffff3][0xffffffc2]\[0xffffffbb]"
[DEBUG] http-outgoing-1 << "[0xffffff9c]\[0x1b]Qd\[0xffffffab][0xffffff80]d\[0x1b][0xffffffb1][0xffffffcc]w[0xffffffed][0xe]g[0xffffffb6]kwD[0x7f][0xffffffbb]k[0xffffffc7]M[0xffffffbc]C[0xffffffa8]'67[0xfffffff6]v[0x1e][0xffffffd6][0xffffffb5][0xffffff8f][0x13][0xffffffc0][0xffffffae][0xfffffffd]~[0x6][0xffffffc4][0xffffffb5][0xffffff8f][0xffffffa7]#[0xffffffae][0xfffffffd][0xfffffff6]d[0xb][0xffffffd7][\n]"
[DEBUG] http-outgoing-1 << "[0x14][0x11][0xffffffd7]J [0x11][0xffffffd7][\n]"
[DEBUG] http-outgoing-1 << ",[0xffffffd3]][0x1b][0xffffffe0]Lvm@[0xfffffff4][0x5][0xffffffd7][0xffffffaa][0xfffffffb][0xffffffb5][0xffffffad]c];[0xfffffff0][0xfffffffb][0xffffffb5][0xffffffc3][0xffffffe0]~[0xffffffed][0xffffff88][0x17][0x19]3q[0xffffffc6][0xffffffee][0xffffffd7][0xffffff8e][0xfffffffd][0xfffffff2]"[0xffffffea]Z[0xffffff93][0xfffffffb][0xffffffb5][0x12]H[0xffffffc6][0xffffffb5][0x6][0xfffffff7]k[0x3][0xffffff9c][0xffffffd9][0xffffffae][0xffffffbd]~[0xffffffbf]v[0xffffffa8][0xfffffffb][0xffffffb5]m[0x15][0xffffffcc][0xffffffb5][0xfffffff8][0xfffffffd][0xffffffda]ap[0xffffffbf]v[0xffffffc4][0xffffff8b][0xffffff8c][0xffffff99]8c[0xfffffff7]k[0xffffffc7]~y[0x11]u[0xffffffad][0xffffffc9][0xfffffffd]Z[0x9]$[0xffffffe3]Z[0xffffff83][0xfffffffb][0xffffffb5][0x1][0xffffffce]l[0xffffffd7]^[0xffffffbf]_;[0xffffffd4][0xfffffffd][0xffffffda]~[0xffffffab][0xffffff83]r-~[0xffffffbf]v[0x18][0xffffffdc][0xffffffaf][0x1d][0xfffffff1]"c&[0xffffffce][0xffffffd8][0xfffffffd][0xffffffda][0xffffffb1]_^D]kr[0xffffffbf]V[0x2][0xffffffc9][0xffffffb8][0xffffffd6][0xffffffe0]~m[0xffffff80]3[0xffffffdb][0xffffffb5][0xffffffd7][0xffffffef][0xffffffd7][0xe][0xffffffb5][0xffffffbf][0xffffffb6][0xffffffdf]&[0xffffffb5][0xf]a[0xffffffe0][0xfffffffb]k[0xffffff87][0xffffffc1][0xfffffffe][0xffffffda][0x11][0x17][0xffffff85]f[0xffffffe2][0xffffff8c][0xffffffed][0xffffffaf][0x1d][0xfffffffb]rP[0xffffffd4][0xffffffb5]&[0xfffffffb]k%[0xffffff90][0xffffff8c]k[\r][0xfffffff6][0xffffffd7][0x6]8[0xffffffb3]]{}[0x7f][0xffffffed]8[0xffffff95]k[0xffffff8f][0x1b][0xffffffb5][0xffffffe7][0xffffffeb][0xffffffed]<[0xffffffb0]kO[0x3][0xffffffd7][0xffffff9e][0x1][0xffffffea]L[0xffffff9c]O[0xffffffcc][0xffffffb5][0xffffffa7][0xffffff93]k#[0xffffff8a][0xffffff8c]k[0x15][0xffffff90][0xffffff8c]k#[0xffffff96][0xfffffff9][0xffffffae][0xffffffdd][0xffffffe1][0xffffffcc]v[0xffffffed][0xffffff8e][0xffffffe8][0xb][0xffffffae]Uw[0xffffffbe]z[0xffffffe9][0xffffffd8];[0x4][0xfffffffc][0xffffffce][0xffffffd7]0[0xffffffb8][0xfffffff3]5[0xffffffe2][0xffffffe5][0xffffff9a]L[0xffffff9c][0xffffffb1];_c[0xffffffbf]P[0xffffff83][0xffffffba][0xffffffd6][0xffffffe4][0xffffffce][0xffffff97][0x4][0xffffff92]q[0xffffffad][0xffffffc1][0xffffff9d][0xffffffaf][0x0]g[0xffffffb6]k[0xffffffaf][0xffffffdf][0xfffffff9]:o[0xffffffca][0xffffffb5][\r][0xffffffdb][0xffffff87][0xfffffff0]v[0x1e][0xffffffd6][0xffffffb5][0xffffff8f][0x13][0xffffffc0][0xffffffae][0xfffffffd]~[0x6][0xffffffc4][0xffffffb5][0xffffff8f][0xffffffa7]#[0xffffffae][0xfffffffd][0xfffffff6]d[0xb][0xffffffd7][\n]"
[DEBUG] http-outgoing-1 << "[0x14][0x11][0xffffffd7]J [0x11][0xffffffd7][\n]"
[DEBUG] http-outgoing-1 << ",[0xffffffd3]][0x1b][0xffffffe0]Lvm@[0xfffffff4][0x5][0xffffffd7][0xffffffaa][0xfffffffd][0xffffffb5][0xffffffbd]Wjn[0xffffffec][0xffffffc4][0xfffffff7][0xffffffd7][0xffffff9e][0x6][0xfffffffb]k[0xffffffcf][0xffffffb8](4[0x13]gl[0x7f][0xffffffed][0xffffffb9]/[0x7]E]k[0xffffffb2][0xffffffbf]V[0x2][0xffffffc9][0xffffffb8][0xffffffd6]`[0x7f]m[0xffffff80]3[0xffffffdb][0xffffffb5][0xffffffd7][0xfffffff7][0xffffffd7][0xffffff9e]E[0xffffffb9][0xfffffff6][0xffffffbc]Q[0xffffffbf][0xffffff8d][0xffffffbd][0xffffff9d][0x7]vm1pm[0x9]Pg[0xffffffe2]\0[0xffffffd7][0x16]'[0xffffffd7]F[0x14][0x19][0xffffffd7]* [0x19][0xffffffd7]F,[0xfffffff3]][0xffffffbb][0xffffffc3][0xffffff99][0xffffffed][0xffffffda][0x1d][0xffffffd1][0x17]\[0xffffffab]f[0x19][0xfffffffa][0x1c]X[0xffffffd7][0xffffffe2][0xffffffb3][0xc][0xffffffa7][0xffffffc1],[0xffffffc3][0x19]/[0xffffff8d]g[0xffffffe2][0xffffff8c][0xffffffcd]2[0xffffff9c][0xfffffffb]Eq[0xffffffd4][0xffffffb5]&[0xffffffb3][0xc][0x12]H[0xffffffc6][0xffffffb5][0x6][0xffffffb3][0xc][0x1][0xffffffce]l[0xffffffd7]^[0xffffff9f]e8[0xffffffd5],[0xffffffc3]([0xffffffed]F[0xffffffb9][0x16][0xffffff9f]e8[\r]f[0x19][0xffffffce]xi<[0x13]gl[0xffffff96][0xffffffe1][0xffffffdc]/[0xffffff8a][0xffffffa3][0xffffffae]5[0xffffff99]e[0xffffff90]@2[0xffffffae]5[0xffffff98]e[0x8]pf[0xffffffbb][0xfffffff6][0xfffffffa],[0xffffffc3][0xffffffa9]f[0x19]F[0xffffff9d][0xffffffd4]>[0xffffff84][0x13][0xffffff9f]e8[\r]f[0x19][0xffffffce]xi<[0x13]gl[0xffffff96][0xffffffe1][0xffffffdc]/[0xffffff8a][0xffffffa3][0xffffffae]5[0xffffff99]e[0xffffff90]@2[0xffffffae]5[0xffffff98]e[0x8]pf[0xffffffbb][0xfffffff6][0xfffffffa],[0xffffffc3][0xffffffa9]f[0x19][0xffffffc6][0xffffffd9][0xffffffa9][0xfffffffb][0xffffffb5]'>[0xffffffcb]p[0x1a][0xffffffcc]2[0xffffff9c][0xfffffff1][0xffffffd2]x&[0xffffffce][0xffffffd8],[0xffffffc3][0xffffffb9]_[0x14]G]k2[0xffffffcb] [0xffffff81]d\k0[0xffffffcb][0x10][0xffffffe0][0xffffffcc]v[0xffffffed][0xfffffff5]Y[0xffffff86][0xfffffff3][0x14][0xffffffae]=+[0xffffffe7][0xffffffda][0x13]w[0xffffffed]i[0xffffffe0][0xffffffda]3@[0xffffff9d][0xffffff89][0xfffffff3][0xffffff89][0xffffffb9][0xfffffff6]trmD[0xffffff91]q[0xffffffad][0x2][0xffffff92]qm[0xffffffc4]2[0xffffffdf][0xffffffb5];[0xffffff9c][0xffffffd9][0xffffffae][0xffffffdd][0x11]}[0xffffffc1][0xffffffb5]jW[0xfffffff8]9[0x1a]5[0xffffffcb]p[0xffffffe2][0xffffffbb][0xffffffc2]O[0xffffff83]][0xffffffe1]g\[0xffffffca][0xffffff9c][0xffffff89]3[0xffffffb6]+[0xfffffffc][0xffffffdc][0x17]1[0xffffffa3][0xffffffae]5[0xffffffd9][0x15].[0xffffff81]d\k[0xffffffb0]+<[0xffffffc0][0xffffff99][0xffffffed][0xffffffda][0xffffffeb][0xffffffbb][0xffffffc2]O57v[0xffffff9e][0x1d][0xfffffffb]m[0xc][0xffffff9f][0x1b];[\r][0xffffffe6][0xffffffc6][0xffffffce]8[0xffffffa0][0xffffff93][0xffffff89]367v[0xffffffee]C9[0xffffffa8]kM[0xffffffe6][0xffffffc6]$[0xffffff90][0xffffff8c]k[\r][0xffffffe6][0xffffffc6][0x2][0xffffff9c][0xffffffd9][0xffffffae][0xffffffbd]>76o[0xffffffbf][0xffffffb4][0xffffffe8][0xffffffda][0xffffff89][0xffffffdd][0xffffffaf]};[0xf][0xffffffeb][0xffffffda][0xffffffc7][0x9]`[0xffffffd7]~?[0x3][0xffffffe2][0xffffffda][0xffffffc7][0xffffffd3][0x11][0xffffffd7]~{[0xffffffb2][0xffffff85]k[0x5][0xffffff8a][0xffffff88]k%[0xffffff90][0xffffff88]k[0x5][0xffffff96][0xffffffe9][0xffffffae][\r]p&[0xffffffbb]6 [0xfffffffa][0xffffff82]k[0xffffffd5][0xffffffdc][0xffffffd8][0xffffffb9]:[0xffffffe6]Z|nl[0x1a][0xffffffcc][0xffffff8d][0xffffffcd]8[0xffffffa0][0xffffff93][0xffffff89]3676[0xfffffff7][0xffffffa1][0x1c][0xffffffd4][0xffffffb5]&sc[0x12]H[0xffffffc6][0xffffffb5][0x6]sc[0x1][0xffffffce]l[0xffffffd7]^[0xffffff9f][0x1b][0xffffff9b]jnl[0xffffff96]I}Gw[0xffffffe2]sc[0xffffffd3]`nl[0xffffffc6][0x1][0xffffff9d]L[0xffffff9c][0xffffffb1][0xffffffb9][0xffffffb1][0xffffffb9][0xf][0xffffffe5][0xffffffa0][0xffffffae]5[0xffffff99][0x1b][0xffffff93]@2[0xffffffae]5[0xffffff98][0x1b][0xb]pf[0xffffffbb][0xfffffff6][0xfffffffa][0xffffffdc][0xffffffd8]Tsc[0xffffffb3]/j[0xfffffff7][0xffffffcc][0xffffffc4][0xffffffe7][0xffffffc6][0xffffffa6][0xffffffc1][0xffffffdc][0xffffffd8][0xffffff8c][0x3]:[0xffffff99]8cscs[0x1f][0xffffffca]A]k27&[0xffffff81]d\k07[0x16][0xffffffe0][0xffffffcc]v[0xffffffed][0xfffffff5][0xffffffb9][0xffffffb1][0xffffffa9][0xffffffe6][0xffffffc6][0xffffffe6]j[0xffffffd4][0xffffff8c][0xffffffee][0xffffffc4][0xffffffe7][0xffffffc6][0xffffffa6][0xffffffc1][0xffffffdc][0xffffffd8][0xffffff8c][0x3]:[0xffffff99]8cscs[0x1f][0xffffffca]A]k27&[0xffffff81]d\k07[0x16][0xffffffe0][0xffffffcc]v[0xffffffed][0xfffffff5][0xffffffb9][0xffffffb1][0xffffffa9][0xffffffe6][0xffffffc6]V9[0xffffffa8][0xffffffb9][0xffffffb1][0xffffff89][0xffffffcf][0xffffff8d]M[0xffffff83][0xffffffb9][0xffffffb1][0x19][0x7]t2q[0xffffffc6][0xffffffe6][0xffffffc6][0xffffffe6]>[0xffffff94][0xffffff83][0xffffffba][0xffffffd6]dnL[0x2][0xffffffc9][0xffffffb8][0xffffffd6]`n,[0xffffffc0][0xffffff99][0xffffffed][0xffffffda][0xffffffeb]scS[0xffffffcd][0xffffff8d][0xffffffad][0xffffff86][0xffffffdd][0xfffffff9][0xffffff9a][0xfffffff8][0xffffffdc][0xffffffd8]4[0xffffff98][0x1b][0xffffff9b]q@'[0x13]glnl[0xffffffee]C9[0xffffffa8]kM[0xffffffe6][0xffffffc6]$[0xffffff90][0xffffff8c]k[\r][0xffffffe6][0xffffffc6][0x2][0xffffff9c][0xffffffd9][0xffffffae][0xffffffbd]>76O[0xffffffe5][0xffffffda]Y[0xffffffa9][0xffffffb9][0xffffffb1][0xffffffb7][0xfffffff3][0xffffffc0][0xffffffae]=[\r]\{[0x6][0xffffffa8]3q>1[0xffffffd7][0xffffff9e]N[0xffffffae][0xffffff8d](2[0xffffffae]U@2[0xffffffae][0xffffff8d]X[0xffffffe6][0xffffffbb]v[0xffffff87]3[0xffffffdb][0xffffffb5];[0xffffffa2]/[0xffffffb8]V[0xffffffcc][0xffffff8d][0xffffff9d][0xffffffb7][0xffffffdb][0xffffffc0][0xffffffee]|[0xffffffe1]sc[0xffffffd3]`nl[0xffffffc6][0x1][0xffffff9d]L[0xffffff9c][0xffffffb1][0xffffffb9][0xffffffb1][0xffffffb9][0xf][0xffffffe5][0xffffffa0][0xffffffae]5[0xffffff99][0x1b][0xffffff93]@2[0xffffffae]5[0xffffff98][0x1b][0xb]pf[0xffffffbb][0xfffffff6][0xfffffffa][0xffffffdc][0xffffffd8][0x14]sc[0xffffffe7][0xffffffad]rw[0xffffffbe][0xfffffff0][0xffffffb9][0xffffffb1]i076[0xffffffe3][0xffffff80]N&[0xffffffce][0xffffffd8][0xffffffdc][0xffffffd8][0xffffffdc][0xffffff87]rP[0xffffffd7][0xffffff9a][0xffffffcc][0xffffff8d]I [0x19][0xffffffd7][0x1a][0xffffffcc][0xffffff8d][0x5]8[0xffffffb3]]{}nl[0xffffff89][0xffffffef][0xffffff8d][0xffffff9d][0xffffffb7][0xffffff81][0xffffffed][\n]"
[DEBUG] http-outgoing-1 << "_[0xfffffff8][0xfffffff7][0xffffffc6][0xffffff96][0xffffffc1][0xfffffff7][0xffffffc6]V[0xfffffffc][0xffffffb0]S"[0xffffffce][0xb][0xfffffffb][0xffffffde][0xffffffd8][0xffffffda]?[0xffffffe6]D[0xffffffba]V[0xffffffa0][0xffffff88][0xffffffb8]V[0x2][0xffffff89][0xffffffb8]V`[0xffffff99][0xffffffee][0xffffffda][0x0]g[0xffffffb2]k[0x3][0xffffffa2]/[0xffffffb8]V[0xffffffcc]2[0xffffff9c][0xffffffb7]U0[0xffffffd7][0xffffffe2][0xffffffb3][0xc][0xffffffcb]`[0xffffff96]a[0xffffffc5]K[0xffffffe3][0xffffff99]8c[0xffffffb3][0xc]k[0xffffffbf]([0xffffff8e][0xffffffba][0xffffffd6]d[0xffffff96]A[0x2][0xffffffc9][0xffffffb8]"
[DEBUG] http-outgoing-1 << "[0xffffffd6]`[0xffffff96]![0xffffffc0][0xffffff99][0xffffffed][0xffffffda][0xffffffeb][0xffffffb3][0xc]K[0xffffffcc]2[0xffffffdc]][0xffffff8b][0xffffffed][\n]"
[DEBUG] http-outgoing-1 << "_[0xfffffff8],[0xffffffc3]2[0xffffff98]eX[0xfffffff1][0xffffffd2]x&[0xffffffce][0xffffffd8],[0xffffffc3][0xffffffda]/[0xffffff8a][0xffffffa3][0xffffffae]5[0xffffff99]e[0xffffff90]@2[0xffffffae]5[0xffffff98]e[0x8]pf[0xffffffbb][0xfffffff6][0xfffffffa],[0xffffffc3][0x12][0xffffffb3][0xc][0xffffffe7]q[0xffffffdc][0x1a][0xffffffe5]Z|[0xffffff96]a[0x19][0xffffffcc]2[0xffffffac]xi<[0x13]gl[0xffffff96]a[0xffffffed][0x17][0xffffffc5]Q[0xffffffd7][0xffffff9a][0xffffffcc]2H [0x19][0xffffffd7][0x1a][0xffffffcc]2[0x4]8[0xffffffb3]]{}[0xffffff96]a[0xffffff89]Y[0xffffff86][0xfffffff3][0xffffffa8]G[0xffffffa1]\[0xffffff8b][0xffffffcf]2,[0xffffff83]Y[0xffffff86][0x15]/[0xffffff8d]g[0xffffffe2][0xffffff8c][0xffffffcd]2[0xffffffac][0xfffffffd][0xffffffa2]8[0xffffffea]Z[0xffffff93]Y[0x6][0x9]$[0xffffffe3]Z[0xffffff83]Y[0xffffff86][0x0]g[0xffffffb6]k[0xffffffaf][0xffffffcf]2,1[0xffffffcb]p[0x1e][0xffffffa3]a][0xffffff8b][0xffffffcf]2,[0xffffff83]Y[0xffffff86][0x15]/[0xffffff8d]g[0xffffffe2][0xffffff8c][0xffffffcd]2[0xffffffac][0xfffffffd][0xffffffa2]8[0xffffffea]Z[0xffffff93]Y[0x6][0x9]$[0xffffffe3]Z[0xffffff83]Y[0xffffff86][0x0]g[0xffffffb6]k[0xffffffaf][0xffffffcf]2[0xffffffac]S[0xffffffb9]vM[0xffffffac]kO[0xffffffdc][0xffffffb5][0xffffffa7][0xffffff81]k[0xffffffcf][0x0]u&[0xffffffce]'[0xffffffe6][0xffffffda][0xffffffd3][0xffffffc9][0xffffffb5][0x11]E[0xffffffc6][0xffffffb5][\n]"
[DEBUG] http-outgoing-1 << "H[0xffffffc6][0xffffffb5][0x11][0xffffffcb]|[0xffffffd7][0xffffffee]pf[0xffffffbb]vG[0xfffffff4]%[0xffffffd7]V3[0xffffffd7]V[0xffffffdc][0xffffffb5][0xffffffd5][0xffffffc0][0xffffffb5][0x15]um[0xffffffc5]\[[0xffffff9d]\[0xffffffbb][0xffffffa3]H[0xffffffb9]6[0x2]I[0xffffffb9]v[0xffffffc7][0xffffff92]pm[0xffffff85]][[0xffffffaf][0xffffffba]V[0xffffffcd][0xffffff8d][0xffffff95][0xffffff82][0xffffffed]CX[0xfffffff8][0xffffffdc][0xffffffd8]2[0xffffff98][0x1b][q@'[0x13]glnl[0xffffffed]C9[0xffffffa8]kM[0xffffffe6][0xffffffc6]$[0xffffff90][0xffffff8c]k[\r][0xffffffe6][0xffffffc6][0x2][0xffffff9c][0xffffffd9][0xffffffae][0xffffffbd]>7[0xffffffb6][0xffffffd4][0xffffffdc]X[0xffffffe9][0xffffff8d][0xffffff9a][0x1b][[0xfffffff8][0xffffffdc][0xffffffd8]2[0xffffff98][0x1b][q@'[0x13]glnl[0xffffffed]C9[0xffffffa8]kM[0xffffffe6][0xffffffc6]$[0xffffff90][0xffffff8c]k[\r][0xffffffe6][0xffffffc6][0x2][0xffffff9c][0xffffffd9][0xffffffae][0xffffffbd]<7[0xffffffb6]njn[0xffffffac][0xffffffcc][\n]"
[...]
[DEBUG] http-outgoing-1 << "I[0xffffff89][0xffffff90][0xffffff89]*[0x1b]H[0xffffff86][0x12][0x1][0x13]U[0x12][0xffffffce]jJ[0x4]OT[0xffffffb9][0xfffffff2]d)[0xffffff91]7Q[0xffffffe5][0xffffffaa][0xffffff95][0xffffffa3]D[0xffffffca]D[0xffffff95][0x16][0xffffffef][0x6]%[0xffffffcc]D[0xffffffd5][0x7]%&u[0xffffff9c][0xffffffd7][0xffffffc0]'[0xffffffaa]F[0xffffffc0]D[0xffffffd5]0;*[0xffffff85][0x1][0xffffffc7]&[0xffffffaa][0xffffff86],[0xffffffa5][0xffffff90][0xffffff94][0x8][0xffffff99][0xffffffa8][0xffffffb2][0xffffff81]d([0x11]0Q%[0xffffffe1][0xffffffac][0xffffffa6]D[0xfffffff0]D[0xffffff95]+O[0xffffff96][0x12]y[0x13]U[0xffffffae]Z9J[0xffffffa4]LTi[0xfffffff1][0xfffffffe]9%[0xffffffce][0xffffff97][0xffffffa3][0xffffffc4][0xffffffb8]/[0xffffff88][0x12][0xffffff9f][0xfffffff7][0xffffffc3]R[0xffffffe2][0xffffffeb][0xe]`J[0xfffffffc]{[0xf][0x8]%[0xffffffbe][0xffffffae][0xffffff8e]P[0xffffffe2][0xffffff9f]+GP[0xffffffc2]D[0x11][0xffffffa1][0xffffff84][\r]$B[0x9][0x13][0xffffffcb]rJH8[0xffffff8b])![0x11][\r][0xffffffa2][0xffffff84]+O[0xffffff94][0x12][0xffffffbe]KQJ[0xffffffb8]j[0xffffffc5]([0xffffffa1]M[0xb]QB[0xffffff8b]w[0xffffff83][0x12][0xffffff87][0xffffffa1]D[0x7f]agp|[0xffffffde][0xf]L[0xffffff89]#[0xffffff80][0x12][0xffffff87][0xffffffe6][0xffffffbd]0[0xffffffe0][0x7]F[0xffffff89]#[0xffffff89][0x12][0x1a]E[0xffffff86][0x12].[0xffffff90][0xc]%4[0xffffff96][0xfffffff5][0xffffff94]X[0xffffffc3]YM[0xffffff89]5[0xffffffa2]I[0xffffff94]0[0xffffffe5][0xffffffc9]R[0xffffffc2]v)K[0x9]S[0xffffffad][0x1c]%[0xffffffa4]i)JH[0xfffffff1]nQB[0xffffff87][0xffffffb3]YJ[0xffffffc0][0xffffffc3][0xffffffd9]g[0xffffffc0]p[0xfffffff6]i[0xffffffd6]]K[0x3][0xe][\r]g[0xffffff9f][0xffffffb2][0xffffffdf][0xffffffca]R"b8[0xffffffdb][0x6][0xffffff92][0xffffffa2][0x4]>[0xffffff9c]-[0xffffffe1][0xffffffac][0xffffffa7]D[0xffffffec]p[0xffffffb6]+O[0xffffff9a][0x12]i[0xffffffc3][0xffffffd9][0xffffffae]ZIJd[0xc]gk[0xfffffff1]nQ[0xffffffe2][0xc][0xffffffa3][0xffffffc4][0xffffff89]S[0xffffffe2][0xc][0xffffffa0][0xffffffc4][0xffffff89]R[0xffffffe2][0xffffffc4](q&Qb[0xffffff8d]"E[0x9][\r]$E[0xffffff89]5[0xffffff96][0x4]%N[0xffffff98][0x12]g0%[0xffffffa4]<iJ[0xffffff98].[0xffffffa5])![0xffffffd5]JR[0xffffffe2]L[0xffffffa1][0xffffffc4][0xfffffff9][0x1f]Pb[0xffffff86]Qb[0xffffffe2][0xffffff94][0xffffff98][0x1][0xffffff94][0xffffff98](%&F[0xffffff89][0xffffff99]D[0xffffff89]5[0xffffff8a][0x14]%4[0xffffff90][0x14]%[0xffffffd6]X[0x12][0xffffff94][0xffffff98]0%f0%[0xffffffa4]<iJ[0xffffff98].[0xffffffa5])![0xffffffd5]JRb[0xffffffa6]Pb[0xffffffee]S[0xffffffe2][0xfffffffe][0xfffffffe][0x1b][0xffffffee]8[0xffffffaf]>[0xffffff8f]QN[0xffffff89][0xffffff9f][0xfffffff7]CQ[0xffffffe2][0xffffff97];[0xffffffc0]([0xffffffb1][0xffffffdc]C1%~[0xffffffb9]z1%[0xfffffffe][0xfffffff7][0xffffffca]0%[0xffffffde]F[0xffffffb1][0xffffff98][0x12][0xffffffbf][0x9]d1%[0xffffffde][0xffffffc6][0xffffffb2][0xffffff90][0x12]o[0xffffffc2]YF[0xffffff89]7[0x11][0xffffff8d][0xffffffa0][0xffffffc4][0xfffffffb][0xfffffff2][0xffffff84]([0xfffffff1][0xffffffbb].[0xffffff85]([0xfffffff1][0xffffffbe]Z[0x1]J[0xffffffbc]k[0xffffffda]rJ[0xffffffbc]+[0xffffffde][\r]J[0xffffffb8][0xffffffe3][0xffffffbc][0xfffffffa]5[0xffffffeb]O[0x6][0xfffffffd]y?0%[0xffffffd0][0xffffffe3][0xffffffbc][0xffffff96]{`([0x1][0x1c][0xffffffe7][0xfffffff5][0xffffffbf]W[0xffffffce][0xffffffa0][0x4]~[0xffffff9c][0xffffffd7]o[0x2][0xffffffc9]P[0x2]=[0xffffffce][0xffffffeb]M8[0xffffffab])[0x11]y[0xffffff9c][0xffffffd7][0xfffffffb][0xfffffff2]d)[0xffffff91]t[0xffffff9c][0xffffffd7][0xfffffffb]j[0xffffffe5]([0xffffffc1][0x1f][0xffffffe7][0xfffffff5][0xffffffae]x7([0xffffffe1][0xffffffce][0xffffffe0][0x18][0x3]8[0x19][0xfffffff4][0xffffffe7][0xfffffffd][0xffffffc0][0xffffff94]@[0xffffffcf][0xffffffe0]X[0xffffffee][0xffffff81][0xffffffa1][0x4]p[0x6][0xffffffc7][0xffffffff]^9[0xffffff83][0x12][0xfffffff8][0x19][0x1c][0xffffffbf][0x9]$C[0x9][0xfffffff4][0xc][0xffffff8e]7[0xffffffe1][0xffffffac][0xffffffa6]D[0xffffffe4][0x19][0x1c][0xffffffef][0xffffffcb][0xffffff93][0xffffffa5]D[0xffffffd2][0x19][0x1c][0xffffffef][0xffffffab][0xffffff95][0xffffffa3][0x4][0x7f][0x6][0xffffffc7][0xffffffbb][0xffffffe2][0xffffffdd][0xffffffa0][0xffffff84];[0xffffff83]c\[0xffffffe7][0xffffffa0]([0x1][0xffffff9e][0xffffffc1][0xfffffff1][0xffffffcb][0x1d][0xffffffd0][0xffffff94][0xffffff80][0xffffffce][0xffffffe0][0xfffffff8][0xffffffe5][0xffffffea][0xc]%2[0xffffffce][0xffffffe0]x[0x1b]E[0xffffff86][0x12][0x1]gp[0xffffffbc][0xffffff8d]e=%[0xffffffb0]38[0xffffffde]D4[0xffffff89][0x12]9gp[0xfffffffc][0xffffffae]KYJd[0xffffff9c][0xffffffc1][0xfffffff1][0xffffffae]i)J[0xfffffffc][0xffffffd5][0x19][0x1c]?[0xfffffffe][0xffffffc6][0xffffffe5]([0xfffffff1][0x1c][0xfffffff5][0xffffff87][0xffffff8c][0xffffffff][0xffffffbc][0x1f][0xffffff98][0x12]W[0x0]%.[0xffffffcd]{a[0xffffffc0]/[0xffffff8c][0x12]W[0x12]%4[0xffffff8a][0xc]%\ [0x19]Jh,[0xffffffeb])[0xffffffb1][0xffffff86][0xffffffb3][0xffffff9a][0x12]kD[0xffffff93](a[0xffffffca][0xffffff93][0xffffffa5][0xffffff84][0xffffffed]R[0xffffff96][0x12][0xffffffa6]Z9JH[0xffffffd3]R[0xffffff94][0xffffff90][0xffffffe2][0xffffffdd][0xffffffa0][0xffffffc4]m(q[0xffffffb6][0xffffffa7][0xfffffffe]d[0xffffffd0][0xffffff9f][0xfffffff7][0x3]S[0xffffffe2][0xe][0xffffffa0][0xffffffc4][0xffffffad]y/[0xc][0xfffffff8][0xffffff8d]Q[0xffffffe2]N[0xffffffa2][0xffffff84]F[0xffffff91][0xffffffa1][0xffffff84][0xb]$C[0x9][0xffffff8d]e=%[0xffffffd6]pVSb[0xffffff8d]h[0x12]%Ly[0xffffffb2][0xffffff94][0xffffffb0]][0xffffffca]R[0xffffffc2]T+G[0x9]iZ[0xffffff8a][0x12]R[0xffffffbc][0x7f]N[0xffffff89][0xffffffe9]^[0xffffffbb]<[0xffffffe7]I[0xffffffbd]+1[0xfffffff1][0xffffffd7].g[0xffffffc0]k[0xffffff97][0xffffffd3][0xffffffbc][0x1b]T[0x17][0xfffffff0][0xffffff89][0xffffffbd]v9[0xffffffe5][0xffffffed][0x1f][0xffffff90][0x12]&[0xffffff8a][0x8]%l [0x11]J[0xffffff98]X[0xffffff96]SB[0xffffffc2]YL[0x9][0xffffff89]h[0x10]%\y[0xffffffa2][0xffffff94][0xfffffff0]][0xffffff8a]R[0xffffffc2]U+F[0x9]mZ[0xffffff88][0x12]Z[0xffffffbc][0x1b][0xffffff94][0x18][0xffffff86][0x12][0xfffffff3][0xfffffff5][0xffffff9a][0x14]%[0x6]N[0xffffff89][0x11]@[0xffffff89][0xffffffa1]y/[0xc][0xfffffff8][0xffffffc0](1[0xffffff92]([0xffffffa1]Qd([0xffffffe1][0x2][0xffffffc9]PBcYO[0xffffff89]5[0xffffff9c][0xffffffd5][0xffffff94]X#[0xffffff9a]D[0x9]S[0xffffff9e],%l[0xffffff97][0xffffffb2][0xffffff94]0[0xffffffd5][0xffffffca]QB[0xffffff9a][0xffffff96][0xffffffa2][0xffffff84][0x14][0xffffffef][0x6]%[0xffffffdc][0x17][0x1c][0xffffffb3][0xffffff8d][0xfffffffa][0xffffff89][0xffffffaa][0xffffff9f][0xfffffff7][0x3]S"[0xffffffe0][0xb][0xffffff8e]i^3.[0xc]8[0xfffffff6][0x5][0xffffffc7][0xffffff94][0x17][0xffffff89]IJ[0xffffff84]|[0xffffffc1]a[0x3][0xffffffc9]P"[0xffffffe0][0xb][0xe][0x9]g5%[0xffffff82][0xffffffbf][0xffffffe0]p[0xffffffe5][0xffffffc9]R"[0xffffffef][0xb][0xe]W[0xffffffad][0x1c]%R[0xffffffbe][0xffffffe0][0xffffffd0][0xffffffe2][0xffffffdd][0xffffffa0][0xffffff84][0xfffffffb][0xffffff82]c[0xffffffce][0xffffffab][0xfffffffe][0xffffff90][0xfffffff1][0xffffff9f][0xfffffff7][0x3]S"[0xffffffe0][0xb][0xffffff8e]i^3.[0xc]8[0xfffffff6][0x5][0xffffffc7][0xffffff94][0x17][0xffffff89]IJ[0xffffff84]|[0xffffffc1]a[0x3][0xffffffc9]P"[0xffffffe0][0xb][0xe][0x9]g5%[0xffffff82][0xffffffbf][0xffffffe0]p[0xffffffe5][0xffffffc9]R"[0xffffffef][0xb][0xe]W[0xffffffad][0x1c]%R[0xffffffbe][0xffffffe0][0xffffffd0][0xffffffe2][0xfffffffd]-%[0xfffffffe][0xffffffdf][0xffffffff][0xffffffef][0xffffffff][0xfffffff9][0xffffffff][0x1];[0xffffffc5][0xffffffd5][0xffffff90]kt+[0x0]"
[DEBUG] ep-0000000002 releasing valid endpoint
[DEBUG] ep-0000000002 releasing endpoint
[DEBUG] ep-0000000002 connection http-outgoing-1 can be kept alive for 3 MINUTES
[DEBUG] ep-0000000002 connection released [route: {s}->https://googlechromelabs.github.io:443][total available: 2; route allocated: 1 of 5; total allocated: 2 of 25]
[INFO] Using chromedriver 135.0.7049.114 (resolved driver for Chrome 135)
[DEBUG] Storing resolution chrome=135 in cache (valid until 18:21:13 07/05/2025 IST)
[DEBUG] Storing resolution chrome135=135.0.7049.114 in cache (valid until 17:21:13 08/05/2025 IST)
[DEBUG] Driver chromedriver 135.0.7049.114 found in cache
[INFO] Exporting webdriver.chrome.driver as C:\Users\lppaw\.cache\selenium\chromedriver\win64\135.0.7049.114\chromedriver.exe
  &amp#27;[32mGiven &amp#27;[0m&amp#27;[32muser launch browser&amp#27;[0m                                               &amp#27;[90m# teststeps.SunSteps.user_launch_browser()&amp#27;[0m
[INFO ] 2025-05-07 17:21:23.407 [main] SunSteps - Enterd URL : https://www.hyrtutorials.com/p/alertsdemo.html
  &amp#27;[32mWhen &amp#27;[0m&amp#27;[32muser enter an URL &amp#27;[0m&amp#27;[32m&amp#27;[1m"https://www.hyrtutorials.com/p/alertsdemo.html"&amp#27;[0m &amp#27;[90m# teststeps.SunSteps.user_enter_an_url(java.lang.String)&amp#27;[0m
[INFO ] 2025-05-07 17:21:23.596 [main] SunSteps - Clicked on click me Button to open a popup
  &amp#27;[32mWhen &amp#27;[0m&amp#27;[32mclick on clickMe button of alertMe&amp#27;[0m                                 &amp#27;[90m# teststeps.SunSteps.click_on_click_me_button_of_alert_me()&amp#27;[0m
[INFO ] 2025-05-07 17:21:23.614 [main] SunSteps - Available Opened pop up text : I am an alert box!
  &amp#27;[32mThen &amp#27;[0m&amp#27;[32malert pop up should open&amp#27;[0m                                           &amp#27;[90m# teststeps.SunSteps.alert_pop_up_should_open()&amp#27;[0m
  &amp#27;[32mAnd &amp#27;[0m&amp#27;[32malert box text should be &amp#27;[0m&amp#27;[32m&amp#27;[1m"I am an alert box!"&amp#27;[0m                       &amp#27;[90m# teststeps.SunSteps.alert_box_text_should_be(java.lang.String)&amp#27;[0m
[INFO ] 2025-05-07 17:21:23.639 [main] SunSteps - clicked on Ok button of Alert Box
  &amp#27;[32mWhen &amp#27;[0m&amp#27;[32mclick on Ok button of AlertBox&amp#27;[0m                                     &amp#27;[90m# teststeps.SunSteps.click_on_ok_button_of_alert_box()&amp#27;[0m
  &amp#27;[32mThen &amp#27;[0m&amp#27;[32malert box should close&amp#27;[0m                                             &amp#27;[90m# teststeps.SunSteps.alert_box_should_close()&amp#27;[0m
[INFO ] 2025-05-07 17:21:23.702 [main] SunSteps - Available Pop up output : You selected alert popup
  &amp#27;[32mAnd &amp#27;[0m&amp#27;[32mpop up box output should be &amp#27;[0m&amp#27;[32m&amp#27;[1m"You selected alert popup"&amp#27;[0m              &amp#27;[90m# teststeps.SunSteps.pop_up_box_output_should_be(java.lang.String)&amp#27;[0m
[INFO ] 2025-05-07 17:21:24.102 [main] SunSteps - chrome closed and quit
[INFO ] 2025-05-07 17:21:24.102 [main] SunSteps - ========================================================
  &amp#27;[32mAnd &amp#27;[0m&amp#27;[32mclose browser&amp#27;[0m                                                       &amp#27;[90m# teststeps.SunSteps.close_browser()&amp#27;[0m
]]></system-out>
    <system-err><![CDATA[SLF4J: Class path contains multiple SLF4J bindings.
SLF4J: Found binding in [jar:file:/C:/Users/lppaw/.m2/repository/ch/qos/logback/logback-classic/1.0.13/logback-classic-1.0.13.jar!/org/slf4j/impl/StaticLoggerBinder.class]
SLF4J: Found binding in [jar:file:/C:/Users/lppaw/.m2/repository/org/slf4j/slf4j-log4j12/1.6.4/slf4j-log4j12-1.6.4.jar!/org/slf4j/impl/StaticLoggerBinder.class]
SLF4J: See http://www.slf4j.org/codes.html#multiple_bindings for an explanation.
May 07, 2025 5:21:15 PM org.openqa.selenium.devtools.CdpVersionFinder findNearestMatch
WARNING: Unable to find CDP implementation matching 135
May 07, 2025 5:21:15 PM org.openqa.selenium.chromium.ChromiumDriver lambda$new$5
WARNING: Unable to find version of CDP to use for 135.0.7049.116. You may need to include a dependency on a specific version of the CDP using something similar to `org.seleniumhq.selenium:selenium-devtools-v86:4.25.0` where the version ("v86") matches the version of the chromium-based browser you're using and the version number of the artifact is the same as Selenium's.
May 07, 2025 5:21:23 PM org.openqa.selenium.remote.http.WebSocket$Listener onError
WARNING: Connection reset
java.net.SocketException: Connection reset
	at java.base/sun.nio.ch.SocketChannelImpl.throwConnectionReset(SocketChannelImpl.java:401)
	at java.base/sun.nio.ch.SocketChannelImpl.read(SocketChannelImpl.java:434)
	at java.net.http/jdk.internal.net.http.SocketTube.readAvailable(SocketTube.java:1178)
	at java.net.http/jdk.internal.net.http.SocketTube$InternalReadPublisher$InternalReadSubscription.read(SocketTube.java:841)
	at java.net.http/jdk.internal.net.http.SocketTube$SocketFlowTask.run(SocketTube.java:181)
	at java.net.http/jdk.internal.net.http.common.SequentialScheduler$SchedulableTask.run(SequentialScheduler.java:207)
	at java.net.http/jdk.internal.net.http.common.SequentialScheduler.runOrSchedule(SequentialScheduler.java:280)
	at java.net.http/jdk.internal.net.http.common.SequentialScheduler.runOrSchedule(SequentialScheduler.java:233)
	at java.net.http/jdk.internal.net.http.SocketTube$InternalReadPublisher$InternalReadSubscription.signalReadable(SocketTube.java:782)
	at java.net.http/jdk.internal.net.http.SocketTube$InternalReadPublisher$ReadEvent.signalEvent(SocketTube.java:965)
	at java.net.http/jdk.internal.net.http.SocketTube$SocketFlowEvent.handle(SocketTube.java:253)
	at java.net.http/jdk.internal.net.http.HttpClientImpl$SelectorManager.handleEvent(HttpClientImpl.java:1469)
	at java.net.http/jdk.internal.net.http.HttpClientImpl$SelectorManager.lambda$run$3(HttpClientImpl.java:1414)
	at java.base/java.util.ArrayList.forEach(ArrayList.java:1596)
	at java.net.http/jdk.internal.net.http.HttpClientImpl$SelectorManager.run(HttpClientImpl.java:1414)

]]></system-err>
  </testcase>
  <testcase name="handled confirm box" classname="handle functionality of DemoQA" time="8.302">
    <system-out><![CDATA[
@confirmAlert
Scenario: handled confirm box                                                 &amp#27;[90m# FeatureFile/demoqa.feature:26&amp#27;[0m
[DEBUG] Using WebDriverManager 5.9.2
[DEBUG] Resolution chrome=135 in cache (valid until 18:21:13 07/05/2025 IST)
[DEBUG] Resolution chrome135=135.0.7049.114 in cache (valid until 17:21:13 08/05/2025 IST)
[INFO] Using chromedriver 135.0.7049.114 (resolved driver for Chrome 135)
[DEBUG] Driver chromedriver 135.0.7049.114 found in cache
[INFO] Exporting webdriver.chrome.driver as C:\Users\lppaw\.cache\selenium\chromedriver\win64\135.0.7049.114\chromedriver.exe
  &amp#27;[32mGiven &amp#27;[0m&amp#27;[32muser launch browser&amp#27;[0m                                                   &amp#27;[90m# teststeps.SunSteps.user_launch_browser()&amp#27;[0m
[INFO ] 2025-05-07 17:21:31.745 [main] SunSteps - Enterd URL : https://www.hyrtutorials.com/p/alertsdemo.html
  &amp#27;[32mWhen &amp#27;[0m&amp#27;[32muser enter an URL &amp#27;[0m&amp#27;[32m&amp#27;[1m"https://www.hyrtutorials.com/p/alertsdemo.html"&amp#27;[0m     &amp#27;[90m# teststeps.SunSteps.user_enter_an_url(java.lang.String)&amp#27;[0m
[INFO ] 2025-05-07 17:21:31.949 [main] SunSteps - clicked on click me button to open a confirm alert box
  &amp#27;[32mWhen &amp#27;[0m&amp#27;[32mclick on clck me button of Confirm box&amp#27;[0m                                 &amp#27;[90m# teststeps.SunSteps.click_on_clck_me_button_of_confirm_box()&amp#27;[0m
[INFO ] 2025-05-07 17:21:31.958 [main] SunSteps - Text present on confirm alert : Press a button!
  &amp#27;[32mThen &amp#27;[0m&amp#27;[32malert text should be &amp#27;[0m&amp#27;[32m&amp#27;[1m"Press a button!"&amp#27;[0m                                 &amp#27;[90m# teststeps.SunSteps.alert_text_should_be(java.lang.String)&amp#27;[0m
[INFO ] 2025-05-07 17:21:31.972 [main] SunSteps - clicked on OK button present on Confirm alert box
  &amp#27;[32mAnd &amp#27;[0m&amp#27;[32mclick on Ok button of confirm box&amp#27;[0m                                       &amp#27;[90m# teststeps.SunSteps.click_on_ok_button_of_confirm_box()&amp#27;[0m
[INFO ] 2025-05-07 17:21:32.014 [main] SunSteps - Output result of confirm alert box : You pressed OK in confirmation popup
  &amp#27;[32mThen &amp#27;[0m&amp#27;[32mconfirm pop up output should be &amp#27;[0m&amp#27;[32m&amp#27;[1m"You pressed OK in confirmation popup"&amp#27;[0m &amp#27;[90m# teststeps.SunSteps.confirm_pop_up_output_should_be(java.lang.String)&amp#27;[0m
[INFO ] 2025-05-07 17:21:32.409 [main] SunSteps - chrome closed and quit
[INFO ] 2025-05-07 17:21:32.409 [main] SunSteps - ========================================================
  &amp#27;[32mAnd &amp#27;[0m&amp#27;[32mclose browser&amp#27;[0m                                                           &amp#27;[90m# teststeps.SunSteps.close_browser()&amp#27;[0m
]]></system-out>
    <system-err><![CDATA[May 07, 2025 5:21:25 PM org.openqa.selenium.devtools.CdpVersionFinder findNearestMatch
WARNING: Unable to find CDP implementation matching 135
May 07, 2025 5:21:25 PM org.openqa.selenium.chromium.ChromiumDriver lambda$new$5
WARNING: Unable to find version of CDP to use for 135.0.7049.116. You may need to include a dependency on a specific version of the CDP using something similar to `org.seleniumhq.selenium:selenium-devtools-v86:4.25.0` where the version ("v86") matches the version of the chromium-based browser you're using and the version number of the artifact is the same as Selenium's.
May 07, 2025 5:21:32 PM org.openqa.selenium.remote.http.WebSocket$Listener onError
WARNING: Connection reset
java.net.SocketException: Connection reset
	at java.base/sun.nio.ch.SocketChannelImpl.throwConnectionReset(SocketChannelImpl.java:401)
	at java.base/sun.nio.ch.SocketChannelImpl.read(SocketChannelImpl.java:434)
	at java.net.http/jdk.internal.net.http.SocketTube.readAvailable(SocketTube.java:1178)
	at java.net.http/jdk.internal.net.http.SocketTube$InternalReadPublisher$InternalReadSubscription.read(SocketTube.java:841)
	at java.net.http/jdk.internal.net.http.SocketTube$SocketFlowTask.run(SocketTube.java:181)
	at java.net.http/jdk.internal.net.http.common.SequentialScheduler$SchedulableTask.run(SequentialScheduler.java:207)
	at java.net.http/jdk.internal.net.http.common.SequentialScheduler.runOrSchedule(SequentialScheduler.java:280)
	at java.net.http/jdk.internal.net.http.common.SequentialScheduler.runOrSchedule(SequentialScheduler.java:233)
	at java.net.http/jdk.internal.net.http.SocketTube$InternalReadPublisher$InternalReadSubscription.signalReadable(SocketTube.java:782)
	at java.net.http/jdk.internal.net.http.SocketTube$InternalReadPublisher$ReadEvent.signalEvent(SocketTube.java:965)
	at java.net.http/jdk.internal.net.http.SocketTube$SocketFlowEvent.handle(SocketTube.java:253)
	at java.net.http/jdk.internal.net.http.HttpClientImpl$SelectorManager.handleEvent(HttpClientImpl.java:1469)
	at java.net.http/jdk.internal.net.http.HttpClientImpl$SelectorManager.lambda$run$3(HttpClientImpl.java:1414)
	at java.base/java.util.ArrayList.forEach(ArrayList.java:1596)
	at java.net.http/jdk.internal.net.http.HttpClientImpl$SelectorManager.run(HttpClientImpl.java:1414)

]]></system-err>
  </testcase>
</testsuite>