<?xml version="1.0" encoding="UTF-8"?>
<testng-results ignored="0" total="0" passed="0" failed="0" skipped="0">
  <reporter-output>
  </reporter-output>
  <suite started-at="2025-04-23T08:33:07 IST" name="Default suite" finished-at="2025-04-23T08:33:07 IST" duration-ms="238">
    <groups>
      <group name="cucumber">
        <method signature="AbstractTestNGCucumberTests.runScenario(io.cucumber.testng.PickleWrapper,io.cucumber.testng.FeatureWrapper)[pri:0, instance:utility.TestngRunner@6b09fb41]" name="runScenario" class="io.cucumber.testng.AbstractTestNGCucumberTests"/>
      </group> <!-- cucumber -->
    </groups>
    <test started-at="2025-04-23T08:33:07 IST" name="Default test" finished-at="2025-04-23T08:33:07 IST" duration-ms="238">
      <class name="utility.TestngRunner">
        <test-method is-config="true" signature="setUpClass(org.testng.ITestContext)[pri:0, instance:utility.TestngRunner@6b09fb41]" started-at="2025-04-23T08:33:07 IST" name="setUpClass" finished-at="2025-04-23T08:33:07 IST" duration-ms="182" status="PASS">
          <params>
            <param index="0">
              <value>
                <![CDATA[org.testng.TestRunner@35f26e72]]>
              </value>
            </param>
          </params>
          <reporter-output>
          </reporter-output>
        </test-method> <!-- setUpClass -->
        <test-method is-config="true" signature="tearDownClass()[pri:0, instance:utility.TestngRunner@6b09fb41]" started-at="2025-04-23T08:33:07 IST" name="tearDownClass" finished-at="2025-04-23T08:33:07 IST" duration-ms="4" status="PASS">
          <reporter-output>
          </reporter-output>
        </test-method> <!-- tearDownClass -->
      </class> <!-- utility.TestngRunner -->
    </test> <!-- Default test -->
  </suite> <!-- Default suite -->
</testng-results>
